This is XeTeX, Version 3.1415926-2.5-0.9999.3 (TeX Live 2013) (format=xelatex 2013.5.30)  29 SEP 2017 13:18
entering extended mode
 restricted \write18 enabled.
 %&-line parsing enabled.
**/Users/treny/gitsite/tylerreny.github.io/pdf/cv-reny.tex
(/Users/treny/gitsite/tylerreny.github.io/pdf/cv-reny.tex
LaTeX2e <2011/06/27>
Babel <3.9f> and hyphenation patterns for 78 languages loaded.
(/usr/local/texlive/2013/texmf-dist/tex/latex/base/article.cls
Document Class: article 2007/10/19 v1.4h Standard LaTeX document class
(/usr/local/texlive/2013/texmf-dist/tex/latex/base/size11.clo
File: size11.clo 2007/10/19 v1.4h Standard LaTeX file (size option)
)
\c@part=\count80
\c@section=\count81
\c@subsection=\count82
\c@subsubsection=\count83
\c@paragraph=\count84
\c@subparagraph=\count85
\c@figure=\count86
\c@table=\count87
\abovecaptionskip=\skip41
\belowcaptionskip=\skip42
\bibindent=\dimen102
) (/usr/local/texlive/2013/texmf-dist/tex/latex/fontspec/fontspec.sty
Package: fontspec 2013/05/20 v2.3c Font selection for XeLaTeX and LuaLaTeX
(/usr/local/texlive/2013/texmf-dist/tex/latex/l3kernel/expl3.sty (/usr/local/te
xlive/2013/texmf-dist/tex/latex/l3kernel/l3names.sty (/usr/local/texlive/2013/t
exmf-dist/tex/latex/l3kernel/l3bootstrap.sty
Package: l3bootstrap 2013/01/08 v4420 L3 Experimental bootstrap code
)
Package: l3names 2012/12/07 v4346 L3 Namespace for primitives
) (/usr/local/texlive/2013/texmf-dist/tex/latex/etex-pkg/etex.sty
Package: etex 1998/03/26 v2.0 eTeX basic definition package (PEB)
\et@xins=\count88
)
Package: expl3 2013/03/14 v4469 L3 Experimental code bundle wrapper
(/usr/local/texlive/2013/texmf-dist/tex/latex/l3kernel/l3basics.sty
Package: l3basics 2013/01/10 v4428 L3 Basic definitions
) (/usr/local/texlive/2013/texmf-dist/tex/latex/l3kernel/l3expan.sty
Package: l3expan 2013/02/03 v4458 L3 Argument expansion
) (/usr/local/texlive/2013/texmf-dist/tex/latex/l3kernel/l3tl.sty
Package: l3tl 2013/01/08 v4415 L3 Token lists
) (/usr/local/texlive/2013/texmf-dist/tex/latex/l3kernel/l3seq.sty
Package: l3seq 2013/01/12 v4434 L3 Sequences and stacks
) (/usr/local/texlive/2013/texmf-dist/tex/latex/l3kernel/l3int.sty
Package: l3int 2013/01/13 v4444 L3 Integers
\c_max_int=\count89
\l_tmpa_int=\count90
\l_tmpb_int=\count91
\g_tmpa_int=\count92
\g_tmpb_int=\count93
) (/usr/local/texlive/2013/texmf-dist/tex/latex/l3kernel/l3quark.sty
Package: l3quark 2012/11/04 v4268 L3 Quarks
) (/usr/local/texlive/2013/texmf-dist/tex/latex/l3kernel/l3prg.sty
Package: l3prg 2013/02/13 v4459 L3 Control structures
\g__prg_map_int=\count94
) (/usr/local/texlive/2013/texmf-dist/tex/latex/l3kernel/l3clist.sty
Package: l3clist 2013/01/08 v4414 L3 Comma separated lists
) (/usr/local/texlive/2013/texmf-dist/tex/latex/l3kernel/l3token.sty
Package: l3token 2013/01/10 v4428 L3 Experimental token manipulation
) (/usr/local/texlive/2013/texmf-dist/tex/latex/l3kernel/l3prop.sty
Package: l3prop 2013/01/09 v4423 L3 Property lists
) (/usr/local/texlive/2013/texmf-dist/tex/latex/l3kernel/l3msg.sty
Package: l3msg 2013/01/08 v4412 L3 Messages
) (/usr/local/texlive/2013/texmf-dist/tex/latex/l3kernel/l3file.sty
Package: l3file 2013/01/14 v4446 L3 File and I/O operations
\l_iow_line_count_int=\count95
\l__iow_target_count_int=\count96
\l__iow_current_line_int=\count97
\l__iow_current_word_int=\count98
\l__iow_current_indentation_int=\count99
) (/usr/local/texlive/2013/texmf-dist/tex/latex/l3kernel/l3skip.sty
Package: l3skip 2013/01/13 v4444 L3 Dimensions and skips
\c_zero_dim=\dimen103
\c_max_dim=\dimen104
\l_tmpa_dim=\dimen105
\l_tmpb_dim=\dimen106
\g_tmpa_dim=\dimen107
\g_tmpb_dim=\dimen108
\c_zero_skip=\skip43
\c_max_skip=\skip44
\l_tmpa_skip=\skip45
\l_tmpb_skip=\skip46
\g_tmpa_skip=\skip47
\g_tmpb_skip=\skip48
\c_zero_muskip=\muskip10
\c_max_muskip=\muskip11
\l_tmpa_muskip=\muskip12
\l_tmpb_muskip=\muskip13
\g_tmpa_muskip=\muskip14
\g_tmpb_muskip=\muskip15
) (/usr/local/texlive/2013/texmf-dist/tex/latex/l3kernel/l3keys.sty
Package: l3keys 2013/02/24 v4461 L3 Experimental key-value interfaces
\g__keyval_level_int=\count100
\l_keys_choice_int=\count101
) (/usr/local/texlive/2013/texmf-dist/tex/latex/l3kernel/l3fp.sty
Package: l3fp 2013/01/19 v4449 L3 Floating points
\c__fp_leading_shift_int=\count102
\c__fp_middle_shift_int=\count103
\c__fp_trailing_shift_int=\count104
\c__fp_big_leading_shift_int=\count105
\c__fp_big_middle_shift_int=\count106
\c__fp_big_trailing_shift_int=\count107
\c__fp_Bigg_leading_shift_int=\count108
\c__fp_Bigg_middle_shift_int=\count109
\c__fp_Bigg_trailing_shift_int=\count110
) (/usr/local/texlive/2013/texmf-dist/tex/latex/l3kernel/l3box.sty
Package: l3box 2013/01/08 v4411 L3 Experimental boxes
\c_empty_box=\box26
\l_tmpa_box=\box27
\l_tmpb_box=\box28
\g_tmpa_box=\box29
\g_tmpb_box=\box30
) (/usr/local/texlive/2013/texmf-dist/tex/latex/l3kernel/l3coffins.sty
Package: l3coffins 2012/09/09 v4212 L3 Coffin code layer
\l__coffin_internal_box=\box31
\l__coffin_internal_dim=\dimen109
\l__coffin_offset_x_dim=\dimen110
\l__coffin_offset_y_dim=\dimen111
\l__coffin_x_dim=\dimen112
\l__coffin_y_dim=\dimen113
\l__coffin_x_prime_dim=\dimen114
\l__coffin_y_prime_dim=\dimen115
\c_empty_coffin=\box32
\l__coffin_aligned_coffin=\box33
\l__coffin_aligned_internal_coffin=\box34
\l_tmpa_coffin=\box35
\l_tmpb_coffin=\box36
\l__coffin_display_coffin=\box37
\l__coffin_display_coord_coffin=\box38
\l__coffin_display_pole_coffin=\box39
\l__coffin_display_offset_dim=\dimen116
\l__coffin_display_x_dim=\dimen117
\l__coffin_display_y_dim=\dimen118
) (/usr/local/texlive/2013/texmf-dist/tex/latex/l3kernel/l3color.sty
Package: l3color 2012/08/29 v4156 L3 Experimental color support
) (/usr/local/texlive/2013/texmf-dist/tex/latex/l3kernel/l3luatex.sty
Package: l3luatex 2012/08/03 v4049 L3 Experimental LuaTeX-specific functions
\g__cctab_allocate_int=\count111
\g__cctab_stack_int=\count112
) (/usr/local/texlive/2013/texmf-dist/tex/latex/l3kernel/l3candidates.sty
Package: l3candidates 2013/03/14 v4468 L3 Experimental additions to l3kernel
\l__box_top_dim=\dimen119
\l__box_bottom_dim=\dimen120
\l__box_left_dim=\dimen121
\l__box_right_dim=\dimen122
\l__box_top_new_dim=\dimen123
\l__box_bottom_new_dim=\dimen124
\l__box_left_new_dim=\dimen125
\l__box_right_new_dim=\dimen126
\l__box_internal_box=\box40
\l__coffin_bounding_shift_dim=\dimen127
\l__coffin_left_corner_dim=\dimen128
\l__coffin_right_corner_dim=\dimen129
\l__coffin_bottom_corner_dim=\dimen130
\l__coffin_top_corner_dim=\dimen131
\l__coffin_scaled_total_height_dim=\dimen132
\l__coffin_scaled_width_dim=\dimen133
) (/usr/local/texlive/2013/texmf-dist/tex/generic/oberdiek/ifpdf.sty
Package: ifpdf 2011/01/30 v2.3 Provides the ifpdf switch (HO)
Package ifpdf Info: pdfTeX in PDF mode is not detected.
)) (/usr/local/texlive/2013/texmf-dist/tex/latex/l3packages/xparse/xparse.sty
Package: xparse 2013/03/12 v4467 L3 Experimental document command parser
\l__xparse_current_arg_int=\count113
\l__xparse_m_args_int=\count114
\l__xparse_mandatory_args_int=\count115
\l__xparse_processor_int=\count116
\l__xparse_v_nesting_int=\count117
)
\l_fontspec_script_int=\count118
\l_fontspec_language_int=\count119
\l_fontspec_strnum_int=\count120
\l_fontspec_tmpa_dim=\dimen134
\l_fontspec_tmpb_dim=\dimen135
\l_fontspec_tmpc_dim=\dimen136
Variant \tl_gset:cV already defined; not changing it on line 69
(/usr/local/texlive/2013/texmf-dist/tex/latex/fontspec/fontspec-patches.sty
Package: fontspec-patches 2013/05/20 v2.3c Font selection for XeLaTeX and LuaLa
TeX
(/usr/local/texlive/2013/texmf-dist/tex/latex/base/fixltx2e.sty
Package: fixltx2e 2006/09/13 v1.1m fixes to LaTeX
LaTeX Info: Redefining \em on input line 420.
)
LaTeX Info: Redefining \em on input line 22.
LaTeX Info: Redefining \emph on input line 30.
LaTeX Info: Redefining \- on input line 33.
*************************************************
* LaTeX warning: "xparse/redefine-command"
* 
* Redefining document command \oldstylenums with arg. spec. 'm' on line 128.
*************************************************
.................................................
. LaTeX info: "xparse/define-command"
. 
. Defining document command \liningnums with arg. spec. 'm' on line 132.
.................................................
) (/usr/local/texlive/2013/texmf-dist/tex/latex/fontspec/fontspec-xetex.sty
Package: fontspec-xetex 2013/05/20 v2.3c Font selection for XeLaTeX and LuaLaTe
X
(/usr/local/texlive/2013/texmf-dist/tex/latex/base/fontenc.sty
Package: fontenc 2005/09/27 v1.99g Standard LaTeX package
(/usr/local/texlive/2013/texmf-dist/tex/latex/euenc/eu1enc.def
File: eu1enc.def 2010/05/27 v0.1h Experimental Unicode font encodings
)
LaTeX Font Info:    Try loading font information for EU1+lmr on input line 100.

(/usr/local/texlive/2013/texmf-dist/tex/latex/euenc/eu1lmr.fd
File: eu1lmr.fd 2009/10/30 v1.6 Font defs for Latin Modern
)) (/usr/local/texlive/2013/texmf-dist/tex/xelatex/xunicode/xunicode.sty
File: xunicode.sty 2011/09/09 v0.981 provides access to latin accents and many 
other characters in Unicode lower plane
(/usr/local/texlive/2013/texmf-dist/tex/latex/tipa/t3enc.def
File: t3enc.def 2001/12/31 T3 encoding
LaTeX Font Info:    Try loading font information for EU1+lmss on input line 357
.
(/usr/local/texlive/2013/texmf-dist/tex/latex/euenc/eu1lmss.fd
File: eu1lmss.fd 2009/10/30 v1.6 Font defs for Latin Modern
))
\tipaTiiicode=\count121
\tipasavetokens=\toks14
\tipachecktokens=\toks15
(/usr/local/texlive/2013/texmf-dist/tex/latex/graphics/graphicx.sty
Package: graphicx 1999/02/16 v1.0f Enhanced LaTeX Graphics (DPC,SPQR)
(/usr/local/texlive/2013/texmf-dist/tex/latex/graphics/keyval.sty
Package: keyval 1999/03/16 v1.13 key=value parser (DPC)
\KV@toks@=\toks16
) (/usr/local/texlive/2013/texmf-dist/tex/latex/graphics/graphics.sty
Package: graphics 2009/02/05 v1.0o Standard LaTeX Graphics (DPC,SPQR)
(/usr/local/texlive/2013/texmf-dist/tex/latex/graphics/trig.sty
Package: trig 1999/03/16 v1.09 sin cos tan (DPC)
) (/usr/local/texlive/2013/texmf-dist/tex/latex/latexconfig/graphics.cfg
File: graphics.cfg 2010/04/23 v1.9 graphics configuration of TeX Live
)
Package graphics Info: Driver file: xetex.def on input line 91.
(/usr/local/texlive/2013/texmf-dist/tex/xelatex/xetex-def/xetex.def
File: xetex.def 2013/04/29 v0.96 LaTeX color/graphics driver for XeTeX (RRM/JK)

))
\Gin@req@height=\dimen137
\Gin@req@width=\dimen138
))
.................................................
. LaTeX info: "xparse/define-command"
. 
. Defining document command \fontspec with arg. spec. 'O{}m' on line 41.
.................................................
.................................................
. LaTeX info: "xparse/define-command"
. 
. Defining document command \setmainfont with arg. spec. 'O{}m' on line 46.
.................................................
.................................................
. LaTeX info: "xparse/define-command"
. 
. Defining document command \setsansfont with arg. spec. 'O{}m' on line 51.
.................................................
.................................................
. LaTeX info: "xparse/define-command"
. 
. Defining document command \setmonofont with arg. spec. 'O{}m' on line 56.
.................................................
.................................................
. LaTeX info: "xparse/define-command"
. 
. Defining document command \setmathrm with arg. spec. 'O{}m' on line 65.
.................................................
.................................................
. LaTeX info: "xparse/define-command"
. 
. Defining document command \setboldmathrm with arg. spec. 'O{}m' on line 69.
.................................................
.................................................
. LaTeX info: "xparse/define-command"
. 
. Defining document command \setmathsf with arg. spec. 'O{}m' on line 73.
.................................................
.................................................
. LaTeX info: "xparse/define-command"
. 
. Defining document command \setmathtt with arg. spec. 'O{}m' on line 77.
.................................................
.................................................
. LaTeX info: "xparse/define-command"
. 
. Defining document command \newfontfamily with arg. spec. 'mO{}m' on line 96.
.................................................
.................................................
. LaTeX info: "xparse/define-command"
. 
. Defining document command \newfontface with arg. spec. 'mO{}m' on line 100.
.................................................
.................................................
. LaTeX info: "xparse/define-command"
. 
. Defining document command \defaultfontfeatures with arg. spec. 'om' on line
. 108.
.................................................
.................................................
. LaTeX info: "xparse/define-command"
. 
. Defining document command \addfontfeatures with arg. spec. 'm' on line 144.
.................................................
.................................................
. LaTeX info: "xparse/define-command"
. 
. Defining document command \newfontfeature with arg. spec. 'mm' on line 156.
.................................................
.................................................
. LaTeX info: "xparse/define-command"
. 
. Defining document command \newAATfeature with arg. spec. 'mmmm' on line 164.
.................................................
.................................................
. LaTeX info: "xparse/define-command"
. 
. Defining document command \newICUfeature with arg. spec. 'mmm' on line 172.
.................................................
.................................................
. LaTeX info: "xparse/define-command"
. 
. Defining document command \aliasfontfeature with arg. spec. 'mm' on line
. 201.
.................................................
.................................................
. LaTeX info: "xparse/define-command"
. 
. Defining document command \aliasfontfeatureoption with arg. spec. 'mmm' on
. line 203.
.................................................
.................................................
. LaTeX info: "xparse/define-command"
. 
. Defining document command \newfontscript with arg. spec. 'mm' on line 208.
.................................................
.................................................
. LaTeX info: "xparse/define-command"
. 
. Defining document command \newfontlanguage with arg. spec. 'mm' on line 235.
.................................................
.................................................
. LaTeX info: "xparse/define-command"
. 
. Defining document command \DeclareFontsExtensions with arg. spec. 'm' on
. line 256.
.................................................
Variant \prop_gput:cnV already defined; not changing it on line 582
Variant \prop_gput:cnx already defined; not changing it on line 583
\l_fontspec_tmp_int=\count122
LaTeX Info: Redefining \itshape on input line 2087.
LaTeX Info: Redefining \slshape on input line 2092.
LaTeX Info: Redefining \scshape on input line 2097.
LaTeX Info: Redefining \upshape on input line 2102.
(/usr/local/texlive/2013/texmf-dist/tex/latex/fontspec/fontspec.cfg))) (/usr/lo
cal/texlive/2013/texmf-dist/tex/latex/geometry/geometry.sty
Package: geometry 2010/09/12 v5.6 Page Geometry
(/usr/local/texlive/2013/texmf-dist/tex/generic/oberdiek/ifvtex.sty
Package: ifvtex 2010/03/01 v1.5 Detect VTeX and its facilities (HO)
Package ifvtex Info: VTeX not detected.
) (/usr/local/texlive/2013/texmf-dist/tex/generic/ifxetex/ifxetex.sty
Package: ifxetex 2010/09/12 v0.6 Provides ifxetex conditional
)
\Gm@cnth=\count123
\Gm@cntv=\count124
\c@Gm@tempcnt=\count125
\Gm@bindingoffset=\dimen139
\Gm@wd@mp=\dimen140
\Gm@odd@mp=\dimen141
\Gm@even@mp=\dimen142
\Gm@layoutwidth=\dimen143
\Gm@layoutheight=\dimen144
\Gm@layouthoffset=\dimen145
\Gm@layoutvoffset=\dimen146
\Gm@dimlist=\toks17
) (/usr/local/texlive/2013/texmf-dist/tex/latex/xcolor/xcolor.sty
Package: xcolor 2007/01/21 v2.11 LaTeX color extensions (UK)
(/usr/local/texlive/2013/texmf-dist/tex/latex/latexconfig/color.cfg
File: color.cfg 2007/01/18 v1.5 color configuration of teTeX/TeXLive
)
Package xcolor Info: Package option `usenames' ignored on input line 216.
Package xcolor Info: Driver file: xetex.def on input line 225.
Package xcolor Info: Model `cmy' substituted by `cmy0' on input line 1337.
Package xcolor Info: Model `RGB' extended on input line 1353.
Package xcolor Info: Model `HTML' substituted by `rgb' on input line 1355.
Package xcolor Info: Model `Hsb' substituted by `hsb' on input line 1356.
Package xcolor Info: Model `tHsb' substituted by `hsb' on input line 1357.
Package xcolor Info: Model `HSB' substituted by `hsb' on input line 1358.
Package xcolor Info: Model `Gray' substituted by `gray' on input line 1359.
Package xcolor Info: Model `wave' substituted by `hsb' on input line 1360.
(/usr/local/texlive/2013/texmf-dist/tex/latex/graphics/dvipsnam.def
File: dvipsnam.def 1999/02/16 v3.0i Driver-dependant file (DPC,SPQR)
)) (/usr/local/texlive/2013/texmf-dist/tex/latex/xltxtra/xltxtra.sty
Package: xltxtra 2010/09/20 v0.5e Improvements for the "XeLaTeX" format
(/usr/local/texlive/2013/texmf-dist/tex/generic/oberdiek/ifluatex.sty
Package: ifluatex 2010/03/01 v1.3 Provides the ifluatex switch (HO)
Package ifluatex Info: LuaTeX not detected.
) (/usr/local/texlive/2013/texmf-dist/tex/latex/realscripts/realscripts.sty
Package: realscripts 2013/03/18 v0.3c Access OpenType subscripts and superscrip
ts
.................................................
. LaTeX info: "xparse/define-command"
. 
. Defining document command \fakesubscript with arg. spec. 'm' on line 19.
.................................................
.................................................
. LaTeX info: "xparse/define-command"
. 
. Defining document command \fakesuperscript with arg. spec. 'm' on line 22.
.................................................
*************************************************
* LaTeX warning: "xparse/redefine-command"
* 
* Redefining document command \textsubscript with arg. spec. 's' on line 25.
*************************************************
*************************************************
* LaTeX warning: "xparse/redefine-command"
* 
* Redefining document command \textsuperscript with arg. spec. 's' on line 28.
*************************************************
.................................................
. LaTeX info: "xparse/define-command"
. 
. Defining document command \realsubscript with arg. spec. 'm' on line 45.
.................................................
.................................................
. LaTeX info: "xparse/define-command"
. 
. Defining document command \realsuperscript with arg. spec. 'm' on line 60.
.................................................
.................................................
. LaTeX info: "xparse/define-command"
. 
. Defining document command \textsubsuperscript with arg. spec. 'sO{l}mm' on
. line 138.
.................................................
.................................................
. LaTeX info: "xparse/define-command"
. 
. Defining document command \textsupersubscript with arg. spec. 'sO{l}mm' on
. line 143.
.................................................
\subsupersep=\dimen147
) (/usr/local/texlive/2013/texmf-dist/tex/latex/metalogo/metalogo.sty
Package: metalogo 2010/05/29 v0.12 Extended TeX logo macros
\xl@everylogo=\toks18
\xl@@everylogo=\toks19
LaTeX Info: Redefining \TeX on input line 193.
LaTeX Info: Redefining \LaTeX on input line 202.
LaTeX Info: Redefining \LaTeXe on input line 219.
)
\xxt@tempbox=\box41
)
\g__file_internal_ior=\read1
\g_fontspec_family_LinLibertine_R.otf_int=\count126
.................................................
. fontspec info: "defining-font"
. 
. Font family 'LinLibertine_R.otf(0)' created for font 'LinLibertine_R.otf'
. with options [Mapping=tex-text, Ligatures={Common}, Numbers={OldStyle},
. Variant=01, BoldFont=LinLibertine_RB.otf, ItalicFont=LinLibertine_RI.otf,
. BoldItalicFont=LinLibertine_RBI.otf ].
. 
. This font family consists of the following shapes:
. 
. * 'normal' with NFSS spec.:
. 
. <->"[LinLibertine_R.otf]/ICU:script=latn;language=DFLT;mapping=tex-text;+liga
;+onum;+ss01;"
. 
. * 'small caps' with NFSS spec.:
. 
. <->"[LinLibertine_R.otf]/ICU:script=latn;language=DFLT;mapping=tex-text;+liga
;+onum;+ss01;+smcp;"
. 
. * 'bold' with NFSS spec.:
. 
. <->"[LinLibertine_RB.otf]/ICU:script=latn;language=DFLT;mapping=tex-text;+lig
a;+onum;+ss01;"
. 
. * 'bold small caps' with NFSS spec.:
. 
. <->"[LinLibertine_RB.otf]/ICU:script=latn;language=DFLT;mapping=tex-text;+lig
a;+onum;+ss01;+smcp;"
. 
. * 'italic' with NFSS spec.:
. 
. <->"[LinLibertine_RI.otf]/ICU:script=latn;language=DFLT;mapping=tex-text;+lig
a;+onum;+ss01;"
. 
. * 'italic small caps' with NFSS spec.:
. 
. <->"[LinLibertine_RI.otf]/ICU:script=latn;language=DFLT;mapping=tex-text;+lig
a;+onum;+ss01;+smcp;"
. 
. * 'bold italic' with NFSS spec.:
. 
. <->"[LinLibertine_RBI.otf]/ICU:script=latn;language=DFLT;mapping=tex-text;+li
ga;+onum;+ss01;"
. 
. * 'bold italic small caps' with NFSS spec.:
. 
. <->"[LinLibertine_RBI.otf]/ICU:script=latn;language=DFLT;mapping=tex-text;+li
ga;+onum;+ss01;+smcp;"
.................................................
\g_fontspec_family_DejaVuSansMono.ttf_int=\count127
.................................................
. fontspec info: "defining-font"
. 
. Font family 'DejaVuSansMono.ttf(0)' created for font 'DejaVuSansMono.ttf'
. with options [Mapping=tex-text,Scale=0.8].
. 
. This font family consists of the following shapes:
. 
. * 'normal' with NFSS spec.:
. 
. <->s*[0.8]"[DejaVuSansMono.ttf]/ICU:script=latn;language=DFLT;mapping=tex-tex
t;"
.................................................
(/usr/local/texlive/2013/texmf-dist/tex/latex/marginnote/marginnote.sty
Package: marginnote 2012/03/29 v1.1i non floating margin notes for LaTeX
\c@mn@abspage=\count128
) (/usr/local/texlive/2013/texmf-dist/tex/latex/sectsty/sectsty.sty
Package: sectsty 2002/02/25 v2.0.2 Commands to change all sectional heading sty
les
) (/usr/local/texlive/2013/texmf-dist/tex/generic/ulem/ulem.sty
\UL@box=\box42
\UL@hyphenbox=\box43
\UL@skip=\skip49
\UL@hook=\toks20
\UL@height=\dimen148
\UL@pe=\count129
\UL@pixel=\dimen149
\ULC@box=\box44
Package: ulem 2012/05/18
\ULdepth=\dimen150
) (/usr/local/texlive/2013/texmf-dist/tex/latex/hyperref/hyperref.sty
Package: hyperref 2012/11/06 v6.83m Hypertext links for LaTeX
(/usr/local/texlive/2013/texmf-dist/tex/generic/oberdiek/hobsub-hyperref.sty
Package: hobsub-hyperref 2012/05/28 v1.13 Bundle oberdiek, subset hyperref (HO)

(/usr/local/texlive/2013/texmf-dist/tex/generic/oberdiek/hobsub-generic.sty
Package: hobsub-generic 2012/05/28 v1.13 Bundle oberdiek, subset generic (HO)
Package: hobsub 2012/05/28 v1.13 Construct package bundles (HO)
Package: infwarerr 2010/04/08 v1.3 Providing info/warning/error messages (HO)
Package: ltxcmds 2011/11/09 v1.22 LaTeX kernel commands for general use (HO)
Package hobsub Info: Skipping package `ifluatex' (already loaded).
Package hobsub Info: Skipping package `ifvtex' (already loaded).
Package: intcalc 2007/09/27 v1.1 Expandable calculations with integers (HO)
Package hobsub Info: Skipping package `ifpdf' (already loaded).
Package: etexcmds 2011/02/16 v1.5 Avoid name clashes with e-TeX commands (HO)
Package etexcmds Info: Could not find \expanded.
(etexcmds)             That can mean that you are not using pdfTeX 1.50 or
(etexcmds)             that some package has redefined \expanded.
(etexcmds)             In the latter case, load this package earlier.
Package: kvsetkeys 2012/04/25 v1.16 Key value parser (HO)
Package: kvdefinekeys 2011/04/07 v1.3 Define keys (HO)
Package: pdftexcmds 2011/11/29 v0.20 Utility functions of pdfTeX for LuaTeX (HO
)
Package pdftexcmds Info: LuaTeX not detected.
Package pdftexcmds Info: pdfTeX >= 1.30 not detected.
Package pdftexcmds Info: \pdf@primitive is available.
Package pdftexcmds Info: \pdf@ifprimitive is available.
Package pdftexcmds Info: \pdfdraftmode not found.
Package: pdfescape 2011/11/25 v1.13 Implements pdfTeX's escape features (HO)
Package: bigintcalc 2012/04/08 v1.3 Expandable calculations on big integers (HO
)
Package: bitset 2011/01/30 v1.1 Handle bit-vector datatype (HO)
Package: uniquecounter 2011/01/30 v1.2 Provide unlimited unique counter (HO)
)
Package hobsub Info: Skipping package `hobsub' (already loaded).
Package: letltxmacro 2010/09/02 v1.4 Let assignment for LaTeX macros (HO)
Package: hopatch 2012/05/28 v1.2 Wrapper for package hooks (HO)
Package: xcolor-patch 2011/01/30 xcolor patch
Package: atveryend 2011/06/30 v1.8 Hooks at the very end of document (HO)
Package atveryend Info: \enddocument detected (standard20110627).
Package: atbegshi 2011/10/05 v1.16 At begin shipout hook (HO)
Package: refcount 2011/10/16 v3.4 Data extraction from label references (HO)
Package: hycolor 2011/01/30 v1.7 Color options for hyperref/bookmark (HO)
) (/usr/local/texlive/2013/texmf-dist/tex/latex/oberdiek/auxhook.sty
Package: auxhook 2011/03/04 v1.3 Hooks for auxiliary files (HO)
) (/usr/local/texlive/2013/texmf-dist/tex/latex/oberdiek/kvoptions.sty
Package: kvoptions 2011/06/30 v3.11 Key value format for package options (HO)
)
\@linkdim=\dimen151
\Hy@linkcounter=\count130
\Hy@pagecounter=\count131
(/usr/local/texlive/2013/texmf-dist/tex/latex/hyperref/pd1enc.def
File: pd1enc.def 2012/11/06 v6.83m Hyperref: PDFDocEncoding definition (HO)
)
\Hy@SavedSpaceFactor=\count132
(/usr/local/texlive/2013/texmf-dist/tex/latex/latexconfig/hyperref.cfg
File: hyperref.cfg 2002/06/06 v1.2 hyperref configuration of TeXLive
)
Package hyperref Info: Option `bookmarks' set `true' on input line 4319.
Package hyperref Info: Option `colorlinks' set `true' on input line 4319.
Package hyperref Info: Option `breaklinks' set `true' on input line 4319.

Package hyperref Warning: XeTeX driver only supports unicode.
(hyperref)                Enabling option `unicode'.

Package hyperref Info: Option `unicode' set `true' on input line 4319.
(/usr/local/texlive/2013/texmf-dist/tex/latex/hyperref/puenc.def
File: puenc.def 2012/11/06 v6.83m Hyperref: PDF Unicode definition (HO)
)

Package hyperref Warning: Token not allowed in a PDF string (Unicode):
(hyperref)                removing `subscript' on input line 4319.


Package hyperref Warning: Token not allowed in a PDF string (Unicode):
(hyperref)                removing `subscript' on input line 4319.


Package hyperref Warning: pdfproducer: xdvipdfmx will use its own setting
(hyperref)                instead of the value given on input line 4319.

Package hyperref Info: Hyper figures OFF on input line 4443.
Package hyperref Info: Link nesting OFF on input line 4448.
Package hyperref Info: Hyper index ON on input line 4451.
Package hyperref Info: Plain pages OFF on input line 4458.
Package hyperref Info: Backreferencing OFF on input line 4463.
Package hyperref Info: Implicit mode ON; LaTeX internals redefined.
Package hyperref Info: Bookmarks ON on input line 4688.
\c@Hy@tempcnt=\count133
(/usr/local/texlive/2013/texmf-dist/tex/latex/url/url.sty
\Urlmuskip=\muskip16
Package: url 2006/04/12  ver 3.3  Verb mode for urls, etc.
)
LaTeX Info: Redefining \url on input line 5041.
\XeTeXLinkMargin=\dimen152
\Fld@menulength=\count134
\Field@Width=\dimen153
\Fld@charsize=\dimen154
Package hyperref Info: Hyper figures OFF on input line 6295.
Package hyperref Info: Link nesting OFF on input line 6300.
Package hyperref Info: Hyper index ON on input line 6303.
Package hyperref Info: backreferencing OFF on input line 6310.
Package hyperref Info: Link coloring ON on input line 6313.
Package hyperref Info: Link coloring with OCG OFF on input line 6320.
Package hyperref Info: PDF/A mode OFF on input line 6325.
LaTeX Info: Redefining \ref on input line 6365.
LaTeX Info: Redefining \pageref on input line 6369.
\Hy@abspage=\count135
\c@Item=\count136
\c@Hfootnote=\count137
)

Package hyperref Message: Driver (autodetected): hxetex.

(/usr/local/texlive/2013/texmf-dist/tex/latex/hyperref/hxetex.def
File: hxetex.def 2012/11/06 v6.83m Hyperref driver for XeTeX
(/usr/local/texlive/2013/texmf-dist/tex/generic/oberdiek/stringenc.sty
Package: stringenc 2011/12/02 v1.10 Convert strings between diff. encodings (HO
)
)
\pdfm@box=\box45
\c@Hy@AnnotLevel=\count138
\HyField@AnnotCount=\count139
\Fld@listcount=\count140
\c@bookmark@seq@number=\count141
(/usr/local/texlive/2013/texmf-dist/tex/latex/oberdiek/rerunfilecheck.sty
Package: rerunfilecheck 2011/04/15 v1.7 Rerun checks for auxiliary files (HO)
Package rerunfilecheck Info: Feature \pdfmdfivesum is not available
(rerunfilecheck)             (e.g. pdfTeX or LuaTeX with package `pdftexcmds').

(rerunfilecheck)             Therefore file contents cannot be checked efficien
tly
(rerunfilecheck)             and the loading of the package is aborted.
)
\Hy@SectionHShift=\skip50
) (/Users/treny/gitsite/tylerreny.github.io/pdf/cv-reny.aux)
\openout1 = `cv-reny.aux'.

LaTeX Font Info:    Checking defaults for OML/cmm/m/it on input line 61.
LaTeX Font Info:    ... okay on input line 61.
LaTeX Font Info:    Checking defaults for T1/cmr/m/n on input line 61.
LaTeX Font Info:    ... okay on input line 61.
LaTeX Font Info:    Checking defaults for OT1/cmr/m/n on input line 61.
LaTeX Font Info:    ... okay on input line 61.
LaTeX Font Info:    Checking defaults for OMS/cmsy/m/n on input line 61.
LaTeX Font Info:    ... okay on input line 61.
LaTeX Font Info:    Checking defaults for OMX/cmex/m/n on input line 61.
LaTeX Font Info:    ... okay on input line 61.
LaTeX Font Info:    Checking defaults for U/cmr/m/n on input line 61.
LaTeX Font Info:    ... okay on input line 61.
LaTeX Font Info:    Checking defaults for EU1/lmr/m/n on input line 61.
LaTeX Font Info:    ... okay on input line 61.
LaTeX Font Info:    Checking defaults for T3/cmr/m/n on input line 61.
LaTeX Font Info:    Try loading font information for T3+cmr on input line 61.
(/usr/local/texlive/2013/texmf-dist/tex/latex/tipa/t3cmr.fd
File: t3cmr.fd 2001/12/31 TIPA font definitions
)
LaTeX Font Info:    ... okay on input line 61.
LaTeX Font Info:    Checking defaults for PD1/pdf/m/n on input line 61.
LaTeX Font Info:    ... okay on input line 61.
LaTeX Font Info:    Checking defaults for PU/pdf/m/n on input line 61.
LaTeX Font Info:    ... okay on input line 61.
.................................................
. fontspec info: "setup-math"
. 
. Adjusting the maths setup (use [no-math] to avoid this).
.................................................
\symlegacymaths=\mathgroup4
LaTeX Font Info:    Overwriting symbol font `legacymaths' in version `bold'
(Font)                  OT1/cmr/m/n --> OT1/cmr/bx/n on input line 61.
LaTeX Font Info:    Redeclaring math accent \acute on input line 61.
LaTeX Font Info:    Redeclaring math accent \grave on input line 61.
LaTeX Font Info:    Redeclaring math accent \ddot on input line 61.
LaTeX Font Info:    Redeclaring math accent \tilde on input line 61.
LaTeX Font Info:    Redeclaring math accent \bar on input line 61.
LaTeX Font Info:    Redeclaring math accent \breve on input line 61.
LaTeX Font Info:    Redeclaring math accent \check on input line 61.
LaTeX Font Info:    Redeclaring math accent \hat on input line 61.
LaTeX Font Info:    Redeclaring math accent \dot on input line 61.
LaTeX Font Info:    Redeclaring math accent \mathring on input line 61.
LaTeX Font Info:    Redeclaring math symbol \colon on input line 61.
LaTeX Font Info:    Redeclaring math symbol \Gamma on input line 61.
LaTeX Font Info:    Redeclaring math symbol \Delta on input line 61.
LaTeX Font Info:    Redeclaring math symbol \Theta on input line 61.
LaTeX Font Info:    Redeclaring math symbol \Lambda on input line 61.
LaTeX Font Info:    Redeclaring math symbol \Xi on input line 61.
LaTeX Font Info:    Redeclaring math symbol \Pi on input line 61.
LaTeX Font Info:    Redeclaring math symbol \Sigma on input line 61.
LaTeX Font Info:    Redeclaring math symbol \Upsilon on input line 61.
LaTeX Font Info:    Redeclaring math symbol \Phi on input line 61.
LaTeX Font Info:    Redeclaring math symbol \Psi on input line 61.
LaTeX Font Info:    Redeclaring math symbol \Omega on input line 61.
LaTeX Font Info:    Redeclaring math symbol \mathdollar on input line 61.
LaTeX Font Info:    Redeclaring symbol font `operators' on input line 61.
LaTeX Font Info:    Encoding `OT1' has changed to `EU1' for symbol font
(Font)              `operators' in the math version `normal' on input line 61.
LaTeX Font Info:    Overwriting symbol font `operators' in version `normal'
(Font)                  OT1/cmr/m/n --> EU1/LinLibertine_R.otf(0)/m/n on input 
line 61.
LaTeX Font Info:    Encoding `OT1' has changed to `EU1' for symbol font
(Font)              `operators' in the math version `bold' on input line 61.
LaTeX Font Info:    Overwriting symbol font `operators' in version `bold'
(Font)                  OT1/cmr/bx/n --> EU1/LinLibertine_R.otf(0)/m/n on input
 line 61.
LaTeX Font Info:    Overwriting symbol font `operators' in version `normal'
(Font)                  EU1/LinLibertine_R.otf(0)/m/n --> EU1/LinLibertine_R.ot
f(0)/m/n on input line 61.
LaTeX Font Info:    Overwriting math alphabet `\mathrm' in version `normal'
(Font)                  EU1/LinLibertine_R.otf(0)/m/n --> EU1/LinLibertine_R.ot
f(0)/m/n on input line 61.
LaTeX Font Info:    Overwriting math alphabet `\mathit' in version `normal'
(Font)                  OT1/cmr/m/it --> EU1/LinLibertine_R.otf(0)/m/it on inpu
t line 61.
LaTeX Font Info:    Overwriting math alphabet `\mathbf' in version `normal'
(Font)                  OT1/cmr/bx/n --> EU1/LinLibertine_R.otf(0)/bx/n on inpu
t line 61.
LaTeX Font Info:    Overwriting math alphabet `\mathsf' in version `normal'
(Font)                  OT1/cmss/m/n --> EU1/lmss/m/n on input line 61.
LaTeX Font Info:    Overwriting math alphabet `\mathtt' in version `normal'
(Font)                  OT1/cmtt/m/n --> EU1/DejaVuSansMono.ttf(0)/m/n on input
 line 61.
LaTeX Font Info:    Overwriting symbol font `operators' in version `bold'
(Font)                  EU1/LinLibertine_R.otf(0)/m/n --> EU1/LinLibertine_R.ot
f(0)/bx/n on input line 61.
LaTeX Font Info:    Overwriting math alphabet `\mathrm' in version `bold'
(Font)                  EU1/LinLibertine_R.otf(0)/m/n --> EU1/LinLibertine_R.ot
f(0)/bx/n on input line 61.
LaTeX Font Info:    Overwriting math alphabet `\mathit' in version `bold'
(Font)                  OT1/cmr/bx/it --> EU1/LinLibertine_R.otf(0)/bx/it on in
put line 61.
LaTeX Font Info:    Overwriting math alphabet `\mathsf' in version `bold'
(Font)                  OT1/cmss/bx/n --> EU1/lmss/bx/n on input line 61.
LaTeX Font Info:    Overwriting math alphabet `\mathtt' in version `bold'
(Font)                  OT1/cmtt/m/n --> EU1/DejaVuSansMono.ttf(0)/bx/n on inpu
t line 61.
*geometry* driver: auto-detecting
*geometry* detected driver: xetex
*geometry* verbose mode - [ preamble ] result:
* driver: xetex
* paper: a4paper
* layout: <same size as paper>
* layoutoffset:(h,v)=(0.0pt,0.0pt)
* modes: 
* h-part:(L,W,R)=(100.01144pt, 397.48499pt, 100.01144pt)
* v-part:(T,H,B)=(92.30072pt, 614.295pt, 138.45113pt)
* \paperwidth=597.50787pt
* \paperheight=845.04684pt
* \textwidth=397.48499pt
* \textheight=614.295pt
* \oddsidemargin=27.74146pt
* \evensidemargin=27.74146pt
* \topmargin=-16.96927pt
* \headheight=12.0pt
* \headsep=25.0pt
* \topskip=11.0pt
* \footskip=30.0pt
* \marginparwidth=43.36243pt
* \marginparsep=7.0pt
* \columnsep=10.0pt
* \skip\footins=10.0pt plus 4.0pt minus 2.0pt
* \hoffset=0.0pt
* \voffset=0.0pt
* \mag=1000
* \@twocolumnfalse
* \@twosidefalse
* \@mparswitchfalse
* \@reversemargintrue
* (1in=72.27pt=25.4mm, 1cm=28.453pt)

Package marginnote Info: \pdfoutput not 0 and \pdflastxpos available.
(marginnote)             Extended position detection mode activated.
\AtBeginShipoutBox=\box46
Package hyperref Info: Link coloring ON on input line 61.
(/usr/local/texlive/2013/texmf-dist/tex/latex/hyperref/nameref.sty
Package: nameref 2012/10/27 v2.43 Cross-referencing by name of section
(/usr/local/texlive/2013/texmf-dist/tex/generic/oberdiek/gettitlestring.sty
Package: gettitlestring 2010/12/03 v1.4 Cleanup title references (HO)
)
\c@section@level=\count142
)
LaTeX Info: Redefining \ref on input line 61.
LaTeX Info: Redefining \pageref on input line 61.
LaTeX Info: Redefining \nameref on input line 61.
(/Users/treny/gitsite/tylerreny.github.io/pdf/cv-reny.out) (/Users/treny/gitsit
e/tylerreny.github.io/pdf/cv-reny.out)
\@outlinefile=\write3
\openout3 = `cv-reny.out'.

LaTeX Font Info:    Font shape `EU1/DejaVuSansMono.ttf(0)/m/n' will be
(Font)              scaled to size 8.76003pt on input line 66.

Underfull \hbox (badness 10000) in paragraph at lines 62--71

 []

Package marginnote Info: Margin note 1.1 is on absolute page 1
(marginnote)              on input line 82.
Package marginnote Info: right page because not two side mode on input line 82.

Package marginnote Info: xpos seems to be 100.01144pt,
(marginnote)             \marginnoteleftadjust ignored on input line 82.
Package marginnote Info: Margin note 1.2 is on absolute page 1
(marginnote)              on input line 83.
Package marginnote Info: right page because not two side mode on input line 83.

Package marginnote Info: xpos seems to be 100.01144pt,
(marginnote)             \marginnoteleftadjust ignored on input line 83.
Package marginnote Info: Margin note 1.3 is on absolute page 1
(marginnote)              on input line 88.
Package marginnote Info: right page because not two side mode on input line 88.

Package marginnote Info: xpos seems to be 100.01144pt,
(marginnote)             \marginnoteleftadjust ignored on input line 88.
Package marginnote Info: Margin note 1.4 is on absolute page 1
(marginnote)              on input line 89.
Package marginnote Info: right page because not two side mode on input line 89.

Package marginnote Info: xpos seems to be 100.01144pt,
(marginnote)             \marginnoteleftadjust ignored on input line 89.
Package marginnote Info: Margin note 1.5 is on absolute page 1
(marginnote)              on input line 90.
Package marginnote Info: right page because not two side mode on input line 90.

Package marginnote Info: xpos seems to be 100.01144pt,
(marginnote)             \marginnoteleftadjust ignored on input line 90.
Package marginnote Info: Margin note 1.6 is on absolute page 1
(marginnote)              on input line 91.
Package marginnote Info: right page because not two side mode on input line 91.

Package marginnote Info: xpos seems to be 100.01144pt,
(marginnote)             \marginnoteleftadjust ignored on input line 91.
Package marginnote Info: Margin note 1.7 is on absolute page 1
(marginnote)              on input line 92.
Package marginnote Info: right page because not two side mode on input line 92.

Package marginnote Info: xpos seems to be 100.01144pt,
(marginnote)             \marginnoteleftadjust ignored on input line 92.
Package marginnote Info: Margin note 1.8 is on absolute page 1
(marginnote)              on input line 93.
Package marginnote Info: right page because not two side mode on input line 93.

Package marginnote Info: xpos seems to be 100.01144pt,
(marginnote)             \marginnoteleftadjust ignored on input line 93.
Package marginnote Info: Margin note 1.9 is on absolute page 1
(marginnote)              on input line 94.
Package marginnote Info: right page because not two side mode on input line 94.

Package marginnote Info: xpos seems to be 100.01144pt,
(marginnote)             \marginnoteleftadjust ignored on input line 94.
Package marginnote Info: Margin note 1.10 is on absolute page 1
(marginnote)              on input line 95.
Package marginnote Info: right page because not two side mode on input line 95.

Package marginnote Info: xpos seems to be 100.01144pt,
(marginnote)             \marginnoteleftadjust ignored on input line 95.
Package marginnote Info: Margin note 1.11 is on absolute page 1
(marginnote)              on input line 96.
Package marginnote Info: right page because not two side mode on input line 96.

Package marginnote Info: xpos seems to be 100.01144pt,
(marginnote)             \marginnoteleftadjust ignored on input line 96.
Package marginnote Info: Margin note 1.12 is on absolute page 1
(marginnote)              on input line 97.
Package marginnote Info: right page because not two side mode on input line 97.

Package marginnote Info: xpos seems to be 100.01144pt,
(marginnote)             \marginnoteleftadjust ignored on input line 97.
Package marginnote Info: Margin note 1.13 is on absolute page 1
(marginnote)              on input line 98.
Package marginnote Info: right page because not two side mode on input line 98.

Package marginnote Info: xpos seems to be 100.01144pt,
(marginnote)             \marginnoteleftadjust ignored on input line 98.
Package marginnote Info: Margin note 1.14 is on absolute page 1
(marginnote)              on input line 99.
Package marginnote Info: right page because not two side mode on input line 99.

Package marginnote Info: xpos seems to be 100.01144pt,
(marginnote)             \marginnoteleftadjust ignored on input line 99.
Package marginnote Info: Margin note 1.15 is on absolute page 2
(marginnote)              on input line 100.
Package marginnote Info: right page because not two side mode on input line 100
.
Package marginnote Info: xpos seems to be 100.01144pt,
(marginnote)             \marginnoteleftadjust ignored on input line 100.
Package marginnote Info: Margin note 1.16 is on absolute page 2
(marginnote)              on input line 101.
Package marginnote Info: right page because not two side mode on input line 101
.
Package marginnote Info: xpos seems to be 100.01144pt,
(marginnote)             \marginnoteleftadjust ignored on input line 101.
Package marginnote Info: Margin note 1.17 is on absolute page 2
(marginnote)              on input line 103.
Package marginnote Info: right page because not two side mode on input line 103
.
Package marginnote Info: xpos seems to be 100.01144pt,
(marginnote)             \marginnoteleftadjust ignored on input line 103.

Underfull \hbox (badness 10000) in paragraph at lines 88--105

 []

[1

]
Package marginnote Info: Margin note 2.1 is on absolute page 2
(marginnote)              on input line 107.
Package marginnote Info: right page because not two side mode on input line 107
.
Package marginnote Info: xpos seems to be 100.01144pt,
(marginnote)             \marginnoteleftadjust ignored on input line 107.
Package marginnote Info: Margin note 2.2 is on absolute page 2
(marginnote)              on input line 108.
Package marginnote Info: right page because not two side mode on input line 108
.
Package marginnote Info: xpos seems to be 100.01144pt,
(marginnote)             \marginnoteleftadjust ignored on input line 108.
Package marginnote Info: Margin note 2.3 is on absolute page 2
(marginnote)              on input line 109.
Package marginnote Info: right page because not two side mode on input line 109
.
Package marginnote Info: xpos seems to be 100.01144pt,
(marginnote)             \marginnoteleftadjust ignored on input line 109.
LaTeX Font Info:    External font `cmex10' loaded for size
(Font)              <10.95> on input line 109.
LaTeX Font Info:    External font `cmex10' loaded for size
(Font)              <8> on input line 109.
LaTeX Font Info:    External font `cmex10' loaded for size
(Font)              <6> on input line 109.
Package marginnote Info: Margin note 2.4 is on absolute page 2
(marginnote)              on input line 110.
Package marginnote Info: right page because not two side mode on input line 110
.
Package marginnote Info: xpos seems to be 100.01144pt,
(marginnote)             \marginnoteleftadjust ignored on input line 110.
Package marginnote Info: Margin note 2.5 is on absolute page 2
(marginnote)              on input line 111.
Package marginnote Info: right page because not two side mode on input line 111
.
Package marginnote Info: xpos seems to be 100.01144pt,
(marginnote)             \marginnoteleftadjust ignored on input line 111.
Package marginnote Info: Margin note 2.6 is on absolute page 2
(marginnote)              on input line 112.
Package marginnote Info: right page because not two side mode on input line 112
.
Package marginnote Info: xpos seems to be 100.01144pt,
(marginnote)             \marginnoteleftadjust ignored on input line 112.

Overfull \hbox (2.94843pt too wide) in paragraph at lines 107--113
\EU1/LinLibertine_R.otf(0)/m/n/10.95 Approach Matters” (with Matt Barreto and B
ryan Wilcox-Archuleta) forthcoming at \EU1/LinLibertine_R.otf(0)/m/it/10.95 Azt
l$[]$n:
 []


Underfull \hbox (badness 10000) in paragraph at lines 107--113

 []

Package marginnote Info: Margin note 2.7 is on absolute page 2
(marginnote)              on input line 116.
Package marginnote Info: right page because not two side mode on input line 116
.
Package marginnote Info: xpos seems to be 100.01144pt,
(marginnote)             \marginnoteleftadjust ignored on input line 116.
Package marginnote Info: Margin note 2.8 is on absolute page 2
(marginnote)              on input line 117.
Package marginnote Info: right page because not two side mode on input line 117
.
Package marginnote Info: xpos seems to be 100.01144pt,
(marginnote)             \marginnoteleftadjust ignored on input line 117.
Package marginnote Info: Margin note 2.9 is on absolute page 2
(marginnote)              on input line 119.
Package marginnote Info: right page because not two side mode on input line 119
.
Package marginnote Info: xpos seems to be 100.01144pt,
(marginnote)             \marginnoteleftadjust ignored on input line 119.
Package marginnote Info: Margin note 2.10 is on absolute page 2
(marginnote)              on input line 120.
Package marginnote Info: right page because not two side mode on input line 120
.
Package marginnote Info: xpos seems to be 100.01144pt,
(marginnote)             \marginnoteleftadjust ignored on input line 120.
Package marginnote Info: Margin note 2.11 is on absolute page 2
(marginnote)              on input line 121.
Package marginnote Info: right page because not two side mode on input line 121
.
Package marginnote Info: xpos seems to be 100.01144pt,
(marginnote)             \marginnoteleftadjust ignored on input line 121.
Package marginnote Info: Margin note 2.12 is on absolute page 2
(marginnote)              on input line 122.
Package marginnote Info: right page because not two side mode on input line 122
.
Package marginnote Info: xpos seems to be 100.01144pt,
(marginnote)             \marginnoteleftadjust ignored on input line 122.
Package marginnote Info: Margin note 2.13 is on absolute page 2
(marginnote)              on input line 123.
Package marginnote Info: right page because not two side mode on input line 123
.
Package marginnote Info: xpos seems to be 100.01144pt,
(marginnote)             \marginnoteleftadjust ignored on input line 123.

Underfull \hbox (badness 10000) in paragraph at lines 116--124

 []

Package marginnote Info: Margin note 2.14 is on absolute page 3
(marginnote)              on input line 126.
Package marginnote Info: right page because not two side mode on input line 126
.
Package marginnote Info: xpos seems to be 100.01144pt,
(marginnote)             \marginnoteleftadjust ignored on input line 126.
[2]
Package marginnote Info: Margin note 3.1 is on absolute page 3
(marginnote)              on input line 127.
Package marginnote Info: right page because not two side mode on input line 127
.
Package marginnote Info: xpos seems to be 100.01144pt,
(marginnote)             \marginnoteleftadjust ignored on input line 127.
Package marginnote Info: Margin note 3.2 is on absolute page 3
(marginnote)              on input line 128.
Package marginnote Info: right page because not two side mode on input line 128
.
Package marginnote Info: xpos seems to be 100.01144pt,
(marginnote)             \marginnoteleftadjust ignored on input line 128.
Package marginnote Info: Margin note 3.3 is on absolute page 3
(marginnote)              on input line 129.
Package marginnote Info: right page because not two side mode on input line 129
.
Package marginnote Info: xpos seems to be 100.01144pt,
(marginnote)             \marginnoteleftadjust ignored on input line 129.
Package marginnote Info: Margin note 3.4 is on absolute page 3
(marginnote)              on input line 130.
Package marginnote Info: right page because not two side mode on input line 130
.
Package marginnote Info: xpos seems to be 100.01144pt,
(marginnote)             \marginnoteleftadjust ignored on input line 130.
Package marginnote Info: Margin note 3.5 is on absolute page 3
(marginnote)              on input line 131.
Package marginnote Info: right page because not two side mode on input line 131
.
Package marginnote Info: xpos seems to be 100.01144pt,
(marginnote)             \marginnoteleftadjust ignored on input line 131.
Package marginnote Info: Margin note 3.6 is on absolute page 3
(marginnote)              on input line 132.
Package marginnote Info: right page because not two side mode on input line 132
.
Package marginnote Info: xpos seems to be 100.01144pt,
(marginnote)             \marginnoteleftadjust ignored on input line 132.
Package marginnote Info: Margin note 3.7 is on absolute page 3
(marginnote)              on input line 133.
Package marginnote Info: right page because not two side mode on input line 133
.
Package marginnote Info: xpos seems to be 100.01144pt,
(marginnote)             \marginnoteleftadjust ignored on input line 133.
Package marginnote Info: Margin note 3.8 is on absolute page 3
(marginnote)              on input line 134.
Package marginnote Info: right page because not two side mode on input line 134
.
Package marginnote Info: xpos seems to be 100.01144pt,
(marginnote)             \marginnoteleftadjust ignored on input line 134.
Package marginnote Info: Margin note 3.9 is on absolute page 3
(marginnote)              on input line 135.
Package marginnote Info: right page because not two side mode on input line 135
.
Package marginnote Info: xpos seems to be 100.01144pt,
(marginnote)             \marginnoteleftadjust ignored on input line 135.

Overfull \hbox (47.15071pt too wide) in paragraph at lines 126--136
\EU1/LinLibertine_R.otf(0)/m/n/10.95 pense with that exit-poll-based fiction.” 
(January). The New York Daily News. [][]http://nydn.us/2jtowIr[][]. 
 []


Overfull \hbox (63.6597pt too wide) in paragraph at lines 126--136
|[]\EU1/LinLibertine_R.otf(0)/m/n/10.95 “Trump fared worse than Romney in Flori
da Hispanic vote.” (December). The Hill. [][]http://bit.ly/2gNFKOz[][]. 
 []


Underfull \hbox (badness 10000) in paragraph at lines 126--136

 []

Package marginnote Info: Margin note 3.10 is on absolute page 3
(marginnote)              on input line 139.
Package marginnote Info: right page because not two side mode on input line 139
.
Package marginnote Info: xpos seems to be 100.01144pt,
(marginnote)             \marginnoteleftadjust ignored on input line 139.
Package marginnote Info: Margin note 3.11 is on absolute page 3
(marginnote)              on input line 140.
Package marginnote Info: right page because not two side mode on input line 140
.
Package marginnote Info: xpos seems to be 100.01144pt,
(marginnote)             \marginnoteleftadjust ignored on input line 140.
Package marginnote Info: Margin note 3.12 is on absolute page 3
(marginnote)              on input line 141.
Package marginnote Info: right page because not two side mode on input line 141
.
Package marginnote Info: xpos seems to be 100.01144pt,
(marginnote)             \marginnoteleftadjust ignored on input line 141.
Package marginnote Info: Margin note 3.13 is on absolute page 3
(marginnote)              on input line 142.
Package marginnote Info: right page because not two side mode on input line 142
.
Package marginnote Info: xpos seems to be 100.01144pt,
(marginnote)             \marginnoteleftadjust ignored on input line 142.
Package marginnote Info: Margin note 3.14 is on absolute page 3
(marginnote)              on input line 143.
Package marginnote Info: right page because not two side mode on input line 143
.
Package marginnote Info: xpos seems to be 100.01144pt,
(marginnote)             \marginnoteleftadjust ignored on input line 143.
Package marginnote Info: Margin note 3.15 is on absolute page 3
(marginnote)              on input line 144.
Package marginnote Info: right page because not two side mode on input line 144
.
Package marginnote Info: xpos seems to be 100.01144pt,
(marginnote)             \marginnoteleftadjust ignored on input line 144.
Package marginnote Info: Margin note 3.16 is on absolute page 3
(marginnote)              on input line 145.
Package marginnote Info: right page because not two side mode on input line 145
.
Package marginnote Info: xpos seems to be 100.01144pt,
(marginnote)             \marginnoteleftadjust ignored on input line 145.
Package marginnote Info: Margin note 3.17 is on absolute page 3
(marginnote)              on input line 146.
Package marginnote Info: right page because not two side mode on input line 146
.
Package marginnote Info: xpos seems to be 100.01144pt,
(marginnote)             \marginnoteleftadjust ignored on input line 146.
Package marginnote Info: Margin note 3.18 is on absolute page 3
(marginnote)              on input line 147.
Package marginnote Info: right page because not two side mode on input line 147
.
Package marginnote Info: xpos seems to be 100.01144pt,
(marginnote)             \marginnoteleftadjust ignored on input line 147.
Package marginnote Info: Margin note 3.19 is on absolute page 3
(marginnote)              on input line 148.
Package marginnote Info: right page because not two side mode on input line 148
.
Package marginnote Info: xpos seems to be 100.01144pt,
(marginnote)             \marginnoteleftadjust ignored on input line 148.
Package marginnote Info: Margin note 3.20 is on absolute page 3
(marginnote)              on input line 149.
Package marginnote Info: right page because not two side mode on input line 149
.
Package marginnote Info: xpos seems to be 100.01144pt,
(marginnote)             \marginnoteleftadjust ignored on input line 149.
Package marginnote Info: Margin note 3.21 is on absolute page 4
(marginnote)              on input line 150.
Package marginnote Info: right page because not two side mode on input line 150
.
Package marginnote Info: xpos seems to be 100.01144pt,
(marginnote)             \marginnoteleftadjust ignored on input line 150.
Package marginnote Info: Margin note 3.22 is on absolute page 4
(marginnote)              on input line 151.
Package marginnote Info: right page because not two side mode on input line 151
.
Package marginnote Info: xpos seems to be 100.01144pt,
(marginnote)             \marginnoteleftadjust ignored on input line 151.
Package marginnote Info: Margin note 3.23 is on absolute page 4
(marginnote)              on input line 152.
Package marginnote Info: right page because not two side mode on input line 152
.
Package marginnote Info: xpos seems to be 100.01144pt,
(marginnote)             \marginnoteleftadjust ignored on input line 152.
Package marginnote Info: Margin note 3.24 is on absolute page 4
(marginnote)              on input line 153.
Package marginnote Info: right page because not two side mode on input line 153
.
Package marginnote Info: xpos seems to be 100.01144pt,
(marginnote)             \marginnoteleftadjust ignored on input line 153.

Underfull \hbox (badness 10000) in paragraph at lines 139--154

 []

[3]
Package marginnote Info: Margin note 4.1 is on absolute page 4
(marginnote)              on input line 156.
Package marginnote Info: right page because not two side mode on input line 156
.
Package marginnote Info: xpos seems to be 100.01144pt,
(marginnote)             \marginnoteleftadjust ignored on input line 156.
Package marginnote Info: Margin note 4.2 is on absolute page 4
(marginnote)              on input line 157.
Package marginnote Info: right page because not two side mode on input line 157
.
Package marginnote Info: xpos seems to be 100.01144pt,
(marginnote)             \marginnoteleftadjust ignored on input line 157.
Package marginnote Info: Margin note 4.3 is on absolute page 4
(marginnote)              on input line 158.
Package marginnote Info: right page because not two side mode on input line 158
.
Package marginnote Info: xpos seems to be 100.01144pt,
(marginnote)             \marginnoteleftadjust ignored on input line 158.
Package marginnote Info: Margin note 4.4 is on absolute page 4
(marginnote)              on input line 159.
Package marginnote Info: right page because not two side mode on input line 159
.
Package marginnote Info: xpos seems to be 100.01144pt,
(marginnote)             \marginnoteleftadjust ignored on input line 159.
Package marginnote Info: Margin note 4.5 is on absolute page 4
(marginnote)              on input line 160.
Package marginnote Info: right page because not two side mode on input line 160
.
Package marginnote Info: xpos seems to be 100.01144pt,
(marginnote)             \marginnoteleftadjust ignored on input line 160.
Package marginnote Info: Margin note 4.6 is on absolute page 4
(marginnote)              on input line 161.
Package marginnote Info: right page because not two side mode on input line 161
.
Package marginnote Info: xpos seems to be 100.01144pt,
(marginnote)             \marginnoteleftadjust ignored on input line 161.
Package marginnote Info: Margin note 4.7 is on absolute page 4
(marginnote)              on input line 162.
Package marginnote Info: right page because not two side mode on input line 162
.
Package marginnote Info: xpos seems to be 100.01144pt,
(marginnote)             \marginnoteleftadjust ignored on input line 162.
Package marginnote Info: Margin note 4.8 is on absolute page 4
(marginnote)              on input line 163.
Package marginnote Info: right page because not two side mode on input line 163
.
Package marginnote Info: xpos seems to be 100.01144pt,
(marginnote)             \marginnoteleftadjust ignored on input line 163.
Package marginnote Info: Margin note 4.9 is on absolute page 4
(marginnote)              on input line 164.
Package marginnote Info: right page because not two side mode on input line 164
.
Package marginnote Info: xpos seems to be 100.01144pt,
(marginnote)             \marginnoteleftadjust ignored on input line 164.
Package marginnote Info: Margin note 4.10 is on absolute page 4
(marginnote)              on input line 165.
Package marginnote Info: right page because not two side mode on input line 165
.
Package marginnote Info: xpos seems to be 100.01144pt,
(marginnote)             \marginnoteleftadjust ignored on input line 165.

Underfull \hbox (badness 10000) in paragraph at lines 156--166

 []

Package marginnote Info: Margin note 4.11 is on absolute page 4
(marginnote)              on input line 168.
Package marginnote Info: right page because not two side mode on input line 168
.
Package marginnote Info: xpos seems to be 100.01144pt,
(marginnote)             \marginnoteleftadjust ignored on input line 168.

Underfull \hbox (badness 10000) in paragraph at lines 168--169

 []

Package marginnote Info: Margin note 4.12 is on absolute page 4
(marginnote)              on input line 171.
Package marginnote Info: right page because not two side mode on input line 171
.
Package marginnote Info: xpos seems to be 100.01144pt,
(marginnote)             \marginnoteleftadjust ignored on input line 171.
Package marginnote Info: Margin note 4.13 is on absolute page 4
(marginnote)              on input line 172.
Package marginnote Info: right page because not two side mode on input line 172
.
Package marginnote Info: xpos seems to be 100.01144pt,
(marginnote)             \marginnoteleftadjust ignored on input line 172.
Package marginnote Info: Margin note 4.14 is on absolute page 4
(marginnote)              on input line 173.
Package marginnote Info: right page because not two side mode on input line 173
.
Package marginnote Info: xpos seems to be 100.01144pt,
(marginnote)             \marginnoteleftadjust ignored on input line 173.
Package marginnote Info: Margin note 4.15 is on absolute page 4
(marginnote)              on input line 174.
Package marginnote Info: right page because not two side mode on input line 174
.
Package marginnote Info: xpos seems to be 100.01144pt,
(marginnote)             \marginnoteleftadjust ignored on input line 174.

Underfull \hbox (badness 10000) in paragraph at lines 179--185

 []


Underfull \hbox (badness 10000) in paragraph at lines 179--185

 []

[4]
Package atveryend Info: Empty hook `BeforeClearDocument' on input line 186.
[5]
Package atveryend Info: Empty hook `AfterLastShipout' on input line 186.
(/Users/treny/gitsite/tylerreny.github.io/pdf/cv-reny.aux)
Package atveryend Info: Empty hook `AtVeryEndDocument' on input line 186.
Package atveryend Info: Empty hook `AtEndAfterFileList' on input line 186.
Package atveryend Info: Empty hook `AtVeryVeryEnd' on input line 186.
 ) 
Here is how much of TeX's memory you used:
 22114 strings out of 493938
 429992 string characters out of 6148857
 456622 words of memory out of 5000000
 25218 multiletter control sequences out of 15000+600000
 7599 words of font info for 48 fonts, out of 8000000 for 9000
 1144 hyphenation exceptions out of 8191
 46i,9n,49p,604b,324s stack positions out of 5000i,500n,10000p,200000b,80000s

Output written on /Users/treny/gitsite/tylerreny.github.io/pdf/cv-reny.pdf (5 p
ages).
