This is XeTeX, Version 3.14159265-2.6-0.99998 (TeX Live 2017) (preloaded format=xelatex 2017.5.23)  13 AUG 2019 11:53
entering extended mode
 restricted \write18 enabled.
 %&-line parsing enabled.
**cv-reny.tex
(./cv-reny.tex
LaTeX2e <2017-04-15>
Babel <3.10> and hyphenation patterns for 84 language(s) loaded.
(/usr/local/texlive/2017/texmf-dist/tex/latex/base/article.cls
Document Class: article 2014/09/29 v1.4h Standard LaTeX document class
(/usr/local/texlive/2017/texmf-dist/tex/latex/base/size11.clo
File: size11.clo 2014/09/29 v1.4h Standard LaTeX file (size option)
)
\c@part=\count79
\c@section=\count80
\c@subsection=\count81
\c@subsubsection=\count82
\c@paragraph=\count83
\c@subparagraph=\count84
\c@figure=\count85
\c@table=\count86
\abovecaptionskip=\skip41
\belowcaptionskip=\skip42
\bibindent=\dimen102
)
(/usr/local/texlive/2017/texmf-dist/tex/latex/fontspec/fontspec.sty
(/usr/local/texlive/2017/texmf-dist/tex/latex/l3kernel/expl3.sty
Package: expl3 2017/05/13 L3 programming layer (loader) 

(/usr/local/texlive/2017/texmf-dist/tex/latex/l3kernel/expl3-code.tex
Package: expl3 2017/05/13 L3 programming layer (code)
\c_max_int=\count87
\l_tmpa_int=\count88
\l_tmpb_int=\count89
\g_tmpa_int=\count90
\g_tmpb_int=\count91
\g__prg_map_int=\count92
\c_log_iow=\count93
\l_iow_line_count_int=\count94
\l__iow_line_target_int=\count95
\l__iow_one_indent_int=\count96
\l__iow_indent_int=\count97
\c_zero_dim=\dimen103
\c_max_dim=\dimen104
\l_tmpa_dim=\dimen105
\l_tmpb_dim=\dimen106
\g_tmpa_dim=\dimen107
\g_tmpb_dim=\dimen108
\c_zero_skip=\skip43
\c_max_skip=\skip44
\l_tmpa_skip=\skip45
\l_tmpb_skip=\skip46
\g_tmpa_skip=\skip47
\g_tmpb_skip=\skip48
\c_zero_muskip=\muskip10
\c_max_muskip=\muskip11
\l_tmpa_muskip=\muskip12
\l_tmpb_muskip=\muskip13
\g_tmpa_muskip=\muskip14
\g_tmpb_muskip=\muskip15
\l_keys_choice_int=\count98
\c__fp_leading_shift_int=\count99
\c__fp_middle_shift_int=\count100
\c__fp_trailing_shift_int=\count101
\c__fp_big_leading_shift_int=\count102
\c__fp_big_middle_shift_int=\count103
\c__fp_big_trailing_shift_int=\count104
\c__fp_Bigg_leading_shift_int=\count105
\c__fp_Bigg_middle_shift_int=\count106
\c__fp_Bigg_trailing_shift_int=\count107
\l__sort_length_int=\count108
\l__sort_min_int=\count109
\l__sort_top_int=\count110
\l__sort_max_int=\count111
\l__sort_true_max_int=\count112
\l__sort_block_int=\count113
\l__sort_begin_int=\count114
\l__sort_end_int=\count115
\l__sort_A_int=\count116
\l__sort_B_int=\count117
\l__sort_C_int=\count118
\c_empty_box=\box26
\l_tmpa_box=\box27
\l_tmpb_box=\box28
\g_tmpa_box=\box29
\g_tmpb_box=\box30
\l__box_top_dim=\dimen109
\l__box_bottom_dim=\dimen110
\l__box_left_dim=\dimen111
\l__box_right_dim=\dimen112
\l__box_top_new_dim=\dimen113
\l__box_bottom_new_dim=\dimen114
\l__box_left_new_dim=\dimen115
\l__box_right_new_dim=\dimen116
\l__box_internal_box=\box31
\l__coffin_internal_box=\box32
\l__coffin_internal_dim=\dimen117
\l__coffin_offset_x_dim=\dimen118
\l__coffin_offset_y_dim=\dimen119
\l__coffin_x_dim=\dimen120
\l__coffin_y_dim=\dimen121
\l__coffin_x_prime_dim=\dimen122
\l__coffin_y_prime_dim=\dimen123
\c_empty_coffin=\box33
\l__coffin_aligned_coffin=\box34
\l__coffin_aligned_internal_coffin=\box35
\l_tmpa_coffin=\box36
\l_tmpb_coffin=\box37
\l__coffin_display_coffin=\box38
\l__coffin_display_coord_coffin=\box39
\l__coffin_display_pole_coffin=\box40
\l__coffin_display_offset_dim=\dimen124
\l__coffin_display_x_dim=\dimen125
\l__coffin_display_y_dim=\dimen126
\l__coffin_bounding_shift_dim=\dimen127
\l__coffin_left_corner_dim=\dimen128
\l__coffin_right_corner_dim=\dimen129
\l__coffin_bottom_corner_dim=\dimen130
\l__coffin_top_corner_dim=\dimen131
\l__coffin_scaled_total_height_dim=\dimen132
\l__coffin_scaled_width_dim=\dimen133
)
(/usr/local/texlive/2017/texmf-dist/tex/latex/l3kernel/l3xdvipdfmx.def
File: l3xdvidpfmx.def 2017/03/18 v L3 Experimental driver: xdvipdfmx
\l__driver_tmp_box=\box41
))
(/usr/local/texlive/2017/texmf-dist/tex/latex/l3packages/xparse/xparse.sty
Package: xparse 2017/05/13 L3 Experimental document command parser
\l__xparse_current_arg_int=\count119
\g__xparse_grabber_int=\count120
\l__xparse_m_args_int=\count121
\l__xparse_mandatory_args_int=\count122
\l__xparse_v_nesting_int=\count123
)
Package: fontspec 2017/03/31 v2.6a Font selection for XeLaTeX and LuaLaTeX

(/usr/local/texlive/2017/texmf-dist/tex/latex/fontspec/fontspec-xetex.sty
Package: fontspec-xetex 2017/03/31 v2.6a Font selection for XeLaTeX and LuaLaTe
X
\l__fontspec_script_int=\count124
\l__fontspec_language_int=\count125
\l__fontspec_strnum_int=\count126
\l__fontspec_tmp_int=\count127
\l__fontspec_em_int=\count128
\l__fontspec_emdef_int=\count129
\l__fontspec_strong_int=\count130
\l__fontspec_strongdef_int=\count131
\l__fontspec_tmpa_dim=\dimen134
\l__fontspec_tmpb_dim=\dimen135
\l__fontspec_tmpc_dim=\dimen136
\g__file_internal_ior=\read1

(/usr/local/texlive/2017/texmf-dist/tex/latex/base/fontenc.sty
Package: fontenc 2017/04/05 v2.0i Standard LaTeX package

(/usr/local/texlive/2017/texmf-dist/tex/latex/base/tuenc.def
File: tuenc.def 2017/04/05 v2.0i Standard LaTeX file
LaTeX Font Info:    Redeclaring font encoding TU on input line 82.
))
.................................................
. LaTeX info: "xparse/define-command"
. 
. Defining command \fontspec with sig. 'O{}mO{}' on line 472.
.................................................
.................................................
. LaTeX info: "xparse/define-command"
. 
. Defining command \setmainfont with sig. 'O{}mO{}' on line 483.
.................................................
.................................................
. LaTeX info: "xparse/define-command"
. 
. Defining command \setsansfont with sig. 'O{}mO{}' on line 503.
.................................................
.................................................
. LaTeX info: "xparse/define-command"
. 
. Defining command \setmonofont with sig. 'O{}mO{}' on line 523.
.................................................
.................................................
. LaTeX info: "xparse/define-command"
. 
. Defining command \setromanfont with sig. 'O{}mO{}' on line 543.
.................................................
.................................................
. LaTeX info: "xparse/define-command"
. 
. Defining command \setmathrm with sig. 'O{}mO{}' on line 547.
.................................................
.................................................
. LaTeX info: "xparse/define-command"
. 
. Defining command \setboldmathrm with sig. 'O{}mO{}' on line 555.
.................................................
.................................................
. LaTeX info: "xparse/define-command"
. 
. Defining command \setmathsf with sig. 'O{}mO{}' on line 563.
.................................................
.................................................
. LaTeX info: "xparse/define-command"
. 
. Defining command \setmathtt with sig. 'O{}mO{}' on line 571.
.................................................
.................................................
. LaTeX info: "xparse/define-command"
. 
. Defining command \newfontfamily with sig. 'mO{}mO{}' on line 586.
.................................................
.................................................
. LaTeX info: "xparse/define-command"
. 
. Defining command \newfontface with sig. 'mO{}mO{}' on line 603.
.................................................
.................................................
. LaTeX info: "xparse/define-command"
. 
. Defining command \defaultfontfeatures with sig. 't+om' on line 614.
.................................................
.................................................
. LaTeX info: "xparse/define-command"
. 
. Defining command \addfontfeatures with sig. 'm' on line 645.
.................................................
.................................................
. LaTeX info: "xparse/define-command"
. 
. Defining command \newfontfeature with sig. 'mm' on line 672.
.................................................
.................................................
. LaTeX info: "xparse/define-command"
. 
. Defining command \newAATfeature with sig. 'mmmm' on line 686.
.................................................
.................................................
. LaTeX info: "xparse/define-command"
. 
. Defining command \newopentypefeature with sig. 'mmm' on line 700.
.................................................
.................................................
. LaTeX info: "xparse/define-command"
. 
. Defining command \newICUfeature with sig. 'mmm' on line 720.
.................................................
.................................................
. LaTeX info: "xparse/define-command"
. 
. Defining command \aliasfontfeature with sig. 'mm' on line 724.
.................................................
.................................................
. LaTeX info: "xparse/define-command"
. 
. Defining command \aliasfontfeatureoption with sig. 'mmm' on line 745.
.................................................
.................................................
. LaTeX info: "xparse/define-command"
. 
. Defining command \newfontscript with sig. 'mm' on line 778.
.................................................
.................................................
. LaTeX info: "xparse/define-command"
. 
. Defining command \newfontlanguage with sig. 'mm' on line 782.
.................................................
.................................................
. LaTeX info: "xparse/define-command"
. 
. Defining command \DeclareFontsExtensions with sig. 'm' on line 786.
.................................................
.................................................
. LaTeX info: "xparse/define-command"
. 
. Defining command \IfFontFeatureActiveTF with sig. 'mmm' on line 797.
.................................................
.................................................
. LaTeX info: "xparse/define-command"
. 
. Defining command \EncodingCommand with sig. 'mO{}m' on line 3438.
.................................................
.................................................
. LaTeX info: "xparse/define-command"
. 
. Defining command \EncodingAccent with sig. 'mm' on line 3444.
.................................................
.................................................
. LaTeX info: "xparse/define-command"
. 
. Defining command \EncodingSymbol with sig. 'mm' on line 3450.
.................................................
.................................................
. LaTeX info: "xparse/define-command"
. 
. Defining command \EncodingComposite with sig. 'mmm' on line 3456.
.................................................
.................................................
. LaTeX info: "xparse/define-command"
. 
. Defining command \EncodingCompositeCommand with sig. 'mmm' on line 3462.
.................................................
.................................................
. LaTeX info: "xparse/define-command"
. 
. Defining command \DeclareUnicodeEncoding with sig. 'mm' on line 3487.
.................................................
.................................................
. LaTeX info: "xparse/define-command"
. 
. Defining command \UndeclareSymbol with sig. 'm' on line 3493.
.................................................
.................................................
. LaTeX info: "xparse/define-command"
. 
. Defining command \UndeclareComposite with sig. 'mm' on line 3501.
.................................................

(/usr/local/texlive/2017/texmf-dist/tex/latex/fontspec/fontspec.cfg)
LaTeX Info: Redefining \itshape on input line 3686.
LaTeX Info: Redefining \slshape on input line 3691.
LaTeX Info: Redefining \scshape on input line 3696.
LaTeX Info: Redefining \upshape on input line 3701.
LaTeX Info: Redefining \em on input line 3731.
LaTeX Info: Redefining \emph on input line 3756.
LaTeX Info: Redefining \- on input line 3807.
.................................................
. LaTeX info: "xparse/redefine-command"
. 
. Redefining command \oldstylenums with sig. 'm' on line 3902.
.................................................
.................................................
. LaTeX info: "xparse/define-command"
. 
. Defining command \liningnums with sig. 'm' on line 3906.
.................................................
))
(/usr/local/texlive/2017/texmf-dist/tex/latex/geometry/geometry.sty
Package: geometry 2010/09/12 v5.6 Page Geometry

(/usr/local/texlive/2017/texmf-dist/tex/latex/graphics/keyval.sty
Package: keyval 2014/10/28 v1.15 key=value parser (DPC)
\KV@toks@=\toks14
)
(/usr/local/texlive/2017/texmf-dist/tex/generic/oberdiek/ifpdf.sty
Package: ifpdf 2017/03/15 v3.2 Provides the ifpdf switch
)
(/usr/local/texlive/2017/texmf-dist/tex/generic/oberdiek/ifvtex.sty
Package: ifvtex 2016/05/16 v1.6 Detect VTeX and its facilities (HO)
Package ifvtex Info: VTeX not detected.
)
(/usr/local/texlive/2017/texmf-dist/tex/generic/ifxetex/ifxetex.sty
Package: ifxetex 2010/09/12 v0.6 Provides ifxetex conditional
)
\Gm@cnth=\count132
\Gm@cntv=\count133
\c@Gm@tempcnt=\count134
\Gm@bindingoffset=\dimen137
\Gm@wd@mp=\dimen138
\Gm@odd@mp=\dimen139
\Gm@even@mp=\dimen140
\Gm@layoutwidth=\dimen141
\Gm@layoutheight=\dimen142
\Gm@layouthoffset=\dimen143
\Gm@layoutvoffset=\dimen144
\Gm@dimlist=\toks15
)
(/usr/local/texlive/2017/texmf-dist/tex/latex/xcolor/xcolor.sty
Package: xcolor 2016/05/11 v2.12 LaTeX color extensions (UK)

(/usr/local/texlive/2017/texmf-dist/tex/latex/graphics-cfg/color.cfg
File: color.cfg 2016/01/02 v1.6 sample color configuration
)
Package xcolor Info: Package option `usenames' ignored on input line 216.
Package xcolor Info: Driver file: xetex.def on input line 225.

(/usr/local/texlive/2017/texmf-dist/tex/latex/graphics-def/xetex.def
File: xetex.def 2016/07/11 v4.10 LaTeX color/graphics driver for XeTeX (L3/RRM/
JK)
)
Package xcolor Info: Model `cmy' substituted by `cmy0' on input line 1348.
Package xcolor Info: Model `RGB' extended on input line 1364.
Package xcolor Info: Model `HTML' substituted by `rgb' on input line 1366.
Package xcolor Info: Model `Hsb' substituted by `hsb' on input line 1367.
Package xcolor Info: Model `tHsb' substituted by `hsb' on input line 1368.
Package xcolor Info: Model `HSB' substituted by `hsb' on input line 1369.
Package xcolor Info: Model `Gray' substituted by `gray' on input line 1370.
Package xcolor Info: Model `wave' substituted by `hsb' on input line 1371.

(/usr/local/texlive/2017/texmf-dist/tex/latex/graphics/dvipsnam.def
File: dvipsnam.def 2016/06/17 v3.0m Driver-dependent file (DPC,SPQR)
))
(/usr/local/texlive/2017/texmf-dist/tex/xelatex/xunicode/xunicode.sty
File: xunicode.sty 2011/09/09 v0.981 provides access to latin accents and many 
other characters in Unicode lower plane

(/usr/local/texlive/2017/texmf-dist/tex/latex/tipa/t3enc.def
File: t3enc.def 2001/12/31 T3 encoding
)
\tipaTiiicode=\count135
\tipasavetokens=\toks16
\tipachecktokens=\toks17

(/usr/local/texlive/2017/texmf-dist/tex/latex/graphics/graphicx.sty
Package: graphicx 2014/10/28 v1.0g Enhanced LaTeX Graphics (DPC,SPQR)

(/usr/local/texlive/2017/texmf-dist/tex/latex/graphics/graphics.sty
Package: graphics 2017/04/14 v1.1b Standard LaTeX Graphics (DPC,SPQR)

(/usr/local/texlive/2017/texmf-dist/tex/latex/graphics/trig.sty
Package: trig 2016/01/03 v1.10 sin cos tan (DPC)
)
(/usr/local/texlive/2017/texmf-dist/tex/latex/graphics-cfg/graphics.cfg
File: graphics.cfg 2016/06/04 v1.11 sample graphics configuration
)
Package graphics Info: Driver file: xetex.def on input line 99.
)
\Gin@req@height=\dimen145
\Gin@req@width=\dimen146
))
(/usr/local/texlive/2017/texmf-dist/tex/latex/xltxtra/xltxtra.sty
Package: xltxtra 2016/01/21 v0.6 Improvements for the "XeLaTeX" format

(/usr/local/texlive/2017/texmf-dist/tex/generic/oberdiek/ifluatex.sty
Package: ifluatex 2016/05/16 v1.4 Provides the ifluatex switch (HO)
Package ifluatex Info: LuaTeX not detected.
)
(/usr/local/texlive/2017/texmf-dist/tex/latex/realscripts/realscripts.sty
Package: realscripts 2016/02/13 v0.3d Access OpenType subscripts and superscrip
ts
.................................................
. LaTeX info: "xparse/define-command"
. 
. Defining command \fakesubscript with sig. 'm' on line 19.
.................................................
.................................................
. LaTeX info: "xparse/define-command"
. 
. Defining command \fakesuperscript with sig. 'm' on line 22.
.................................................
.................................................
. LaTeX info: "xparse/redefine-command"
. 
. Redefining command \textsubscript with sig. 's' on line 25.
.................................................
.................................................
. LaTeX info: "xparse/redefine-command"
. 
. Redefining command \textsuperscript with sig. 's' on line 28.
.................................................
.................................................
. LaTeX info: "xparse/define-command"
. 
. Defining command \realsubscript with sig. 'm' on line 45.
.................................................
.................................................
. LaTeX info: "xparse/define-command"
. 
. Defining command \realsuperscript with sig. 'm' on line 60.
.................................................
.................................................
. LaTeX info: "xparse/define-command"
. 
. Defining command \textsubsuperscript with sig. 'sO{l}mm' on line 138.
.................................................
.................................................
. LaTeX info: "xparse/define-command"
. 
. Defining command \textsupersubscript with sig. 'sO{l}mm' on line 143.
.................................................
\subsupersep=\dimen147
)
(/usr/local/texlive/2017/texmf-dist/tex/latex/metalogo/metalogo.sty
Package: metalogo 2010/05/29 v0.12 Extended TeX logo macros
\xl@everylogo=\toks18
\xl@@everylogo=\toks19
LaTeX Info: Redefining \TeX on input line 193.
LaTeX Info: Redefining \LaTeX on input line 202.
LaTeX Info: Redefining \LaTeXe on input line 219.
)
\l__xetex_show_hyphens_wrapping_box=\box42
\l__xetex_show_hyphens_temp_box=\box43
\l__xetex_show_hyphens_final_box=\box44
\g__xetex_show_hyphens_word_box=\box45
)
\g__fontspec_family_LinLibertine_R.otf_int=\count136
.................................................
. fontspec info: "defining-font"
. 
. Font family 'LinLibertine_R.otf(0)' created for font 'LinLibertine_R.otf'
. with options
. [Mapping=tex-text,Ligatures=TeX,Ligatures={Common},Numbers={OldStyle},Variant
=01,BoldFont=LinLibertine_RB.otf,ItalicFont=LinLibertine_RI.otf,BoldItalicFont=
LinLibertine_RBI.otf].
.  
.  This font family consists of the following NFSS series/shapes:
.  
. - 'normal' (m/n) with NFSS spec.:
. <->"[LinLibertine_R.otf]/OT:script=latn;language=DFLT;+liga;+onum;+ss01;mappi
ng=tex-text;"
. - 'small caps'  (m/sc) with NFSS spec.:
. <->"[LinLibertine_R.otf]/OT:script=latn;language=DFLT;+liga;+onum;+ss01;+smcp
;mapping=tex-text;"
. - 'bold' (bx/n) with NFSS spec.:
. <->"[LinLibertine_RB.otf]/OT:script=latn;language=DFLT;+liga;+onum;+ss01;mapp
ing=tex-text;"
. - 'bold small caps'  (bx/sc) with NFSS spec.:
. <->"[LinLibertine_RB.otf]/OT:script=latn;language=DFLT;+liga;+onum;+ss01;+smc
p;mapping=tex-text;"
. - 'italic' (m/it) with NFSS spec.:
. <->"[LinLibertine_RI.otf]/OT:script=latn;language=DFLT;+liga;+onum;+ss01;mapp
ing=tex-text;"
. - 'italic small caps'  (m/itsc) with NFSS spec.:
. <->"[LinLibertine_RI.otf]/OT:script=latn;language=DFLT;+liga;+onum;+ss01;+smc
p;mapping=tex-text;"
. - 'bold italic' (bx/it) with NFSS spec.:
. <->"[LinLibertine_RBI.otf]/OT:script=latn;language=DFLT;+liga;+onum;+ss01;map
ping=tex-text;"
. - 'bold italic small caps'  (bx/itsc) with NFSS spec.:
. <->"[LinLibertine_RBI.otf]/OT:script=latn;language=DFLT;+liga;+onum;+ss01;+sm
cp;mapping=tex-text;"
.................................................
LaTeX Info: Redefining \rmfamily on input line 26.
\g__fontspec_family_DejaVuSansMono.ttf_int=\count137
.................................................
. fontspec info: "defining-font"
. 
. Font family 'DejaVuSansMono.ttf(0)' created for font 'DejaVuSansMono.ttf'
. with options
. [Mapping=tex-text,WordSpace={1,0,0},HyphenChar=None,PunctuationSpace=WordSpac
e,Scale=0.8].
.  
.  This font family consists of the following NFSS series/shapes:
.  
. - 'normal' (m/n) with NFSS spec.:
. <->s*[0.8]"[DejaVuSansMono.ttf]/OT:script=latn;language=DFLT;mapping=tex-text
;"
. - 'small caps'  (m/sc) with NFSS spec.: 
. and font adjustment code:
. \fontdimen 2\font =1\fontdimen 2\font \fontdimen 3\font =0\fontdimen 3\font
. \fontdimen 4\font =0\fontdimen 4\font \fontdimen 7\font =0\fontdimen 2\font
. \hyphenchar \font =\c_minus_one 
.................................................
LaTeX Info: Redefining \ttfamily on input line 27.

(/usr/local/texlive/2017/texmf-dist/tex/latex/marginnote/marginnote.sty
Package: marginnote 2017/04/22 v1.2b non floating margin notes for LaTeX
\c@mn@abspage=\count138
)
(/usr/local/texlive/2017/texmf-dist/tex/latex/sectsty/sectsty.sty
Package: sectsty 2002/02/25 v2.0.2 Commands to change all sectional heading sty
les
)
(/usr/local/texlive/2017/texmf-dist/tex/generic/ulem/ulem.sty
\UL@box=\box46
\UL@hyphenbox=\box47
\UL@skip=\skip49
\UL@hook=\toks20
\UL@height=\dimen148
\UL@pe=\count139
\UL@pixel=\dimen149
\ULC@box=\box48
Package: ulem 2012/05/18
\ULdepth=\dimen150
)
(/usr/local/texlive/2017/texmf-dist/tex/latex/hyperref/hyperref.sty
Package: hyperref 2017/03/14 v6.85a Hypertext links for LaTeX

(/usr/local/texlive/2017/texmf-dist/tex/generic/oberdiek/hobsub-hyperref.sty
Package: hobsub-hyperref 2016/05/16 v1.14 Bundle oberdiek, subset hyperref (HO)


(/usr/local/texlive/2017/texmf-dist/tex/generic/oberdiek/hobsub-generic.sty
Package: hobsub-generic 2016/05/16 v1.14 Bundle oberdiek, subset generic (HO)
Package: hobsub 2016/05/16 v1.14 Construct package bundles (HO)
Package: infwarerr 2016/05/16 v1.4 Providing info/warning/error messages (HO)
Package: ltxcmds 2016/05/16 v1.23 LaTeX kernel commands for general use (HO)
Package hobsub Info: Skipping package `ifluatex' (already loaded).
Package hobsub Info: Skipping package `ifvtex' (already loaded).
Package: intcalc 2016/05/16 v1.2 Expandable calculations with integers (HO)
Package hobsub Info: Skipping package `ifpdf' (already loaded).
Package: etexcmds 2016/05/16 v1.6 Avoid name clashes with e-TeX commands (HO)
Package etexcmds Info: Could not find \expanded.
(etexcmds)             That can mean that you are not using pdfTeX 1.50 or
(etexcmds)             that some package has redefined \expanded.
(etexcmds)             In the latter case, load this package earlier.
Package: kvsetkeys 2016/05/16 v1.17 Key value parser (HO)
Package: kvdefinekeys 2016/05/16 v1.4 Define keys (HO)
Package: pdftexcmds 2017/03/19 v0.25 Utility functions of pdfTeX for LuaTeX (HO
)
Package pdftexcmds Info: LuaTeX not detected.
Package pdftexcmds Info: pdfTeX >= 1.30 not detected.
Package pdftexcmds Info: \pdf@primitive is available.
Package pdftexcmds Info: \pdf@ifprimitive is available.
Package pdftexcmds Info: \pdfdraftmode not found.
Package: pdfescape 2016/05/16 v1.14 Implements pdfTeX's escape features (HO)
Package: bigintcalc 2016/05/16 v1.4 Expandable calculations on big integers (HO
)
Package: bitset 2016/05/16 v1.2 Handle bit-vector datatype (HO)
Package: uniquecounter 2016/05/16 v1.3 Provide unlimited unique counter (HO)
)
Package hobsub Info: Skipping package `hobsub' (already loaded).
Package: letltxmacro 2016/05/16 v1.5 Let assignment for LaTeX macros (HO)
Package: hopatch 2016/05/16 v1.3 Wrapper for package hooks (HO)
Package: xcolor-patch 2016/05/16 xcolor patch
Package: atveryend 2016/05/16 v1.9 Hooks at the very end of document (HO)
Package atveryend Info: \enddocument detected (standard20110627).
Package: atbegshi 2016/06/09 v1.18 At begin shipout hook (HO)
Package: refcount 2016/05/16 v3.5 Data extraction from label references (HO)
Package: hycolor 2016/05/16 v1.8 Color options for hyperref/bookmark (HO)
)
(/usr/local/texlive/2017/texmf-dist/tex/latex/oberdiek/auxhook.sty
Package: auxhook 2016/05/16 v1.4 Hooks for auxiliary files (HO)
)
(/usr/local/texlive/2017/texmf-dist/tex/latex/oberdiek/kvoptions.sty
Package: kvoptions 2016/05/16 v3.12 Key value format for package options (HO)
)
\@linkdim=\dimen151
\Hy@linkcounter=\count140
\Hy@pagecounter=\count141

(/usr/local/texlive/2017/texmf-dist/tex/latex/hyperref/pd1enc.def
File: pd1enc.def 2017/03/14 v6.85a Hyperref: PDFDocEncoding definition (HO)
)
\Hy@SavedSpaceFactor=\count142

(/usr/local/texlive/2017/texmf-dist/tex/latex/latexconfig/hyperref.cfg
File: hyperref.cfg 2002/06/06 v1.2 hyperref configuration of TeXLive
)
Package hyperref Info: Option `bookmarks' set `true' on input line 4374.
Package hyperref Info: Option `colorlinks' set `true' on input line 4374.
Package hyperref Info: Option `breaklinks' set `true' on input line 4374.


Package hyperref Warning: XeTeX driver only supports unicode.
(hyperref)                Enabling option `unicode'.

Package hyperref Info: Option `unicode' set `true' on input line 4374.
(/usr/local/texlive/2017/texmf-dist/tex/latex/hyperref/puenc.def
File: puenc.def 2017/03/14 v6.85a Hyperref: PDF Unicode definition (HO)
)

Package hyperref Warning: Token not allowed in a PDF string (Unicode):
(hyperref)                removing `subscript' on input line 4374.


Package hyperref Warning: Token not allowed in a PDF string (Unicode):
(hyperref)                removing `subscript' on input line 4374.


Package hyperref Warning: pdfproducer: xdvipdfmx will use its own setting
(hyperref)                instead of the value given on input line 4374.

Package hyperref Info: Hyper figures OFF on input line 4498.
Package hyperref Info: Link nesting OFF on input line 4503.
Package hyperref Info: Hyper index ON on input line 4506.
Package hyperref Info: Plain pages OFF on input line 4513.
Package hyperref Info: Backreferencing OFF on input line 4518.
Package hyperref Info: Implicit mode ON; LaTeX internals redefined.
Package hyperref Info: Bookmarks ON on input line 4751.
\c@Hy@tempcnt=\count143
(/usr/local/texlive/2017/texmf-dist/tex/latex/url/url.sty
\Urlmuskip=\muskip16
Package: url 2013/09/16  ver 3.4  Verb mode for urls, etc.
)
LaTeX Info: Redefining \url on input line 5104.
\XeTeXLinkMargin=\dimen152
\Fld@menulength=\count144
\Field@Width=\dimen153
\Fld@charsize=\dimen154
Package hyperref Info: Hyper figures OFF on input line 6358.
Package hyperref Info: Link nesting OFF on input line 6363.
Package hyperref Info: Hyper index ON on input line 6366.
Package hyperref Info: backreferencing OFF on input line 6373.
Package hyperref Info: Link coloring ON on input line 6376.
Package hyperref Info: Link coloring with OCG OFF on input line 6383.
Package hyperref Info: PDF/A mode OFF on input line 6388.
LaTeX Info: Redefining \ref on input line 6428.
LaTeX Info: Redefining \pageref on input line 6432.
\Hy@abspage=\count145
\c@Item=\count146
\c@Hfootnote=\count147
)

Package hyperref Message: Driver (autodetected): hxetex.

(/usr/local/texlive/2017/texmf-dist/tex/latex/hyperref/hxetex.def
File: hxetex.def 2017/03/14 v6.85a Hyperref driver for XeTeX

(/usr/local/texlive/2017/texmf-dist/tex/generic/oberdiek/stringenc.sty
Package: stringenc 2016/05/16 v1.11 Convert strings between diff. encodings (HO
)
)
\pdfm@box=\box49
\c@Hy@AnnotLevel=\count148
\HyField@AnnotCount=\count149
\Fld@listcount=\count150
\c@bookmark@seq@number=\count151

(/usr/local/texlive/2017/texmf-dist/tex/latex/oberdiek/rerunfilecheck.sty
Package: rerunfilecheck 2016/05/16 v1.8 Rerun checks for auxiliary files (HO)
Package rerunfilecheck Info: Feature \pdfmdfivesum is not available
(rerunfilecheck)             (e.g. pdfTeX or LuaTeX with package `pdftexcmds').

(rerunfilecheck)             Therefore file contents cannot be checked efficien
tly
(rerunfilecheck)             and the loading of the package is aborted.
)
\Hy@SectionHShift=\skip50
)
(./cv-reny.aux)
\openout1 = `cv-reny.aux'.

LaTeX Font Info:    Checking defaults for OML/cmm/m/it on input line 61.
LaTeX Font Info:    ... okay on input line 61.
LaTeX Font Info:    Checking defaults for T1/cmr/m/n on input line 61.
LaTeX Font Info:    ... okay on input line 61.
LaTeX Font Info:    Checking defaults for OT1/cmr/m/n on input line 61.
LaTeX Font Info:    ... okay on input line 61.
LaTeX Font Info:    Checking defaults for OMS/cmsy/m/n on input line 61.
LaTeX Font Info:    ... okay on input line 61.
LaTeX Font Info:    Checking defaults for TU/lmr/m/n on input line 61.
LaTeX Font Info:    ... okay on input line 61.
LaTeX Font Info:    Checking defaults for OMX/cmex/m/n on input line 61.
LaTeX Font Info:    ... okay on input line 61.
LaTeX Font Info:    Checking defaults for U/cmr/m/n on input line 61.
LaTeX Font Info:    ... okay on input line 61.
LaTeX Font Info:    Checking defaults for T3/cmr/m/n on input line 61.
LaTeX Font Info:    Try loading font information for T3+cmr on input line 61.
 (/usr/local/texlive/2017/texmf-dist/tex/latex/tipa/t3cmr.fd
File: t3cmr.fd 2001/12/31 TIPA font definitions
)
LaTeX Font Info:    ... okay on input line 61.
LaTeX Font Info:    Checking defaults for PD1/pdf/m/n on input line 61.
LaTeX Font Info:    ... okay on input line 61.
LaTeX Font Info:    Checking defaults for PU/pdf/m/n on input line 61.
LaTeX Font Info:    ... okay on input line 61.
.................................................
. fontspec info: "setup-math"
. 
. Adjusting the maths setup (use [no-math] to avoid this).
.................................................
\symlegacymaths=\mathgroup4
LaTeX Font Info:    Overwriting symbol font `legacymaths' in version `bold'
(Font)                  OT1/cmr/m/n --> OT1/cmr/bx/n on input line 61.
LaTeX Font Info:    Redeclaring math accent \acute on input line 61.
LaTeX Font Info:    Redeclaring math accent \grave on input line 61.
LaTeX Font Info:    Redeclaring math accent \ddot on input line 61.
LaTeX Font Info:    Redeclaring math accent \tilde on input line 61.
LaTeX Font Info:    Redeclaring math accent \bar on input line 61.
LaTeX Font Info:    Redeclaring math accent \breve on input line 61.
LaTeX Font Info:    Redeclaring math accent \check on input line 61.
LaTeX Font Info:    Redeclaring math accent \hat on input line 61.
LaTeX Font Info:    Redeclaring math accent \dot on input line 61.
LaTeX Font Info:    Redeclaring math accent \mathring on input line 61.
LaTeX Font Info:    Redeclaring math symbol \colon on input line 61.
LaTeX Font Info:    Redeclaring math symbol \Gamma on input line 61.
LaTeX Font Info:    Redeclaring math symbol \Delta on input line 61.
LaTeX Font Info:    Redeclaring math symbol \Theta on input line 61.
LaTeX Font Info:    Redeclaring math symbol \Lambda on input line 61.
LaTeX Font Info:    Redeclaring math symbol \Xi on input line 61.
LaTeX Font Info:    Redeclaring math symbol \Pi on input line 61.
LaTeX Font Info:    Redeclaring math symbol \Sigma on input line 61.
LaTeX Font Info:    Redeclaring math symbol \Upsilon on input line 61.
LaTeX Font Info:    Redeclaring math symbol \Phi on input line 61.
LaTeX Font Info:    Redeclaring math symbol \Psi on input line 61.
LaTeX Font Info:    Redeclaring math symbol \Omega on input line 61.
LaTeX Font Info:    Redeclaring math symbol \mathdollar on input line 61.
LaTeX Font Info:    Redeclaring symbol font `operators' on input line 61.
LaTeX Font Info:    Encoding `OT1' has changed to `TU' for symbol font
(Font)              `operators' in the math version `normal' on input line 61.
LaTeX Font Info:    Overwriting symbol font `operators' in version `normal'
(Font)                  OT1/cmr/m/n --> TU/LinLibertine_R.otf(0)/m/n on input l
ine 61.
LaTeX Font Info:    Encoding `OT1' has changed to `TU' for symbol font
(Font)              `operators' in the math version `bold' on input line 61.
LaTeX Font Info:    Overwriting symbol font `operators' in version `bold'
(Font)                  OT1/cmr/bx/n --> TU/LinLibertine_R.otf(0)/m/n on input 
line 61.
LaTeX Font Info:    Overwriting symbol font `operators' in version `normal'
(Font)                  TU/LinLibertine_R.otf(0)/m/n --> TU/LinLibertine_R.otf(
0)/m/n on input line 61.
LaTeX Font Info:    Overwriting math alphabet `\mathit' in version `normal'
(Font)                  OT1/cmr/m/it --> TU/LinLibertine_R.otf(0)/m/it on input
 line 61.
LaTeX Font Info:    Overwriting math alphabet `\mathbf' in version `normal'
(Font)                  OT1/cmr/bx/n --> TU/LinLibertine_R.otf(0)/bx/n on input
 line 61.
LaTeX Font Info:    Overwriting math alphabet `\mathsf' in version `normal'
(Font)                  OT1/cmss/m/n --> TU/lmss/m/n on input line 61.
LaTeX Font Info:    Overwriting math alphabet `\mathtt' in version `normal'
(Font)                  OT1/cmtt/m/n --> TU/DejaVuSansMono.ttf(0)/m/n on input 
line 61.
LaTeX Font Info:    Overwriting symbol font `operators' in version `bold'
(Font)                  TU/LinLibertine_R.otf(0)/m/n --> TU/LinLibertine_R.otf(
0)/bx/n on input line 61.
LaTeX Font Info:    Overwriting math alphabet `\mathit' in version `bold'
(Font)                  OT1/cmr/bx/it --> TU/LinLibertine_R.otf(0)/bx/it on inp
ut line 61.
LaTeX Font Info:    Overwriting math alphabet `\mathsf' in version `bold'
(Font)                  OT1/cmss/bx/n --> TU/lmss/bx/n on input line 61.
LaTeX Font Info:    Overwriting math alphabet `\mathtt' in version `bold'
(Font)                  OT1/cmtt/m/n --> TU/DejaVuSansMono.ttf(0)/bx/n on input
 line 61.

*geometry* driver: auto-detecting
*geometry* detected driver: xetex
*geometry* verbose mode - [ preamble ] result:
* driver: xetex
* paper: a4paper
* layout: <same size as paper>
* layoutoffset:(h,v)=(0.0pt,0.0pt)
* modes: 
* h-part:(L,W,R)=(100.01144pt, 397.48499pt, 100.01144pt)
* v-part:(T,H,B)=(92.30072pt, 614.295pt, 138.45113pt)
* \paperwidth=597.50787pt
* \paperheight=845.04684pt
* \textwidth=397.48499pt
* \textheight=614.295pt
* \oddsidemargin=27.74146pt
* \evensidemargin=27.74146pt
* \topmargin=-16.96927pt
* \headheight=12.0pt
* \headsep=25.0pt
* \topskip=11.0pt
* \footskip=30.0pt
* \marginparwidth=43.36243pt
* \marginparsep=7.0pt
* \columnsep=10.0pt
* \skip\footins=10.0pt plus 4.0pt minus 2.0pt
* \hoffset=0.0pt
* \voffset=0.0pt
* \mag=1000
* \@twocolumnfalse
* \@twosidefalse
* \@mparswitchfalse
* \@reversemargintrue
* (1in=72.27pt=25.4mm, 1cm=28.453pt)

Package marginnote Info: \pdfoutput not 0 or unimportant and
(marginnote)             \pdflastxpos or \lastxpos available.
(marginnote)             Extended position detection mode activated.
\AtBeginShipoutBox=\box50
Package hyperref Info: Link coloring ON on input line 61.
(/usr/local/texlive/2017/texmf-dist/tex/latex/hyperref/nameref.sty
Package: nameref 2016/05/21 v2.44 Cross-referencing by name of section

(/usr/local/texlive/2017/texmf-dist/tex/generic/oberdiek/gettitlestring.sty
Package: gettitlestring 2016/05/16 v1.5 Cleanup title references (HO)
)
\c@section@level=\count152
)
LaTeX Info: Redefining \ref on input line 61.
LaTeX Info: Redefining \pageref on input line 61.
LaTeX Info: Redefining \nameref on input line 61.

(./cv-reny.out) (./cv-reny.out)
\@outlinefile=\write3
\openout3 = `cv-reny.out'.


Underfull \hbox (badness 10000) in paragraph at lines 62--69

 []

LaTeX Font Info:    External font `cmex10' loaded for size
(Font)              <10.95> on input line 72.
LaTeX Font Info:    External font `cmex10' loaded for size
(Font)              <8> on input line 72.
LaTeX Font Info:    External font `cmex10' loaded for size
(Font)              <6> on input line 72.
Package marginnote Info: Margin note 1.1 is on absolute page 1
(marginnote)              on input line 75.
Package marginnote Info: right page because not two side mode on input line 75.

Package marginnote Info: xpos seems to be 100.01144pt,
(marginnote)             \marginnoteleftadjust ignored on input line 75.
Package marginnote Info: Margin note 1.2 is on absolute page 1
(marginnote)              on input line 76.
Package marginnote Info: right page because not two side mode on input line 76.

Package marginnote Info: xpos seems to be 100.01144pt,
(marginnote)             \marginnoteleftadjust ignored on input line 76.

Underfull \hbox (badness 10000) in paragraph at lines 79--80

 []

Package marginnote Info: Margin note 1.3 is on absolute page 1
(marginnote)              on input line 81.
Package marginnote Info: right page because not two side mode on input line 81.

Package marginnote Info: xpos seems to be 100.01144pt,
(marginnote)             \marginnoteleftadjust ignored on input line 81.

Underfull \hbox (badness 10000) in paragraph at lines 81--82

 []

Package marginnote Info: Margin note 1.4 is on absolute page 1
(marginnote)              on input line 83.
Package marginnote Info: right page because not two side mode on input line 83.

Package marginnote Info: xpos seems to be 100.01144pt,
(marginnote)             \marginnoteleftadjust ignored on input line 83.
Package marginnote Info: Margin note 1.5 is on absolute page 1
(marginnote)              on input line 88.
Package marginnote Info: right page because not two side mode on input line 88.

Package marginnote Info: xpos seems to be 100.01144pt,
(marginnote)             \marginnoteleftadjust ignored on input line 88.

Underfull \hbox (badness 10000) in paragraph at lines 88--89

 []

Package marginnote Info: Margin note 1.6 is on absolute page 1
(marginnote)              on input line 90.
Package marginnote Info: right page because not two side mode on input line 90.

Package marginnote Info: xpos seems to be 100.01144pt,
(marginnote)             \marginnoteleftadjust ignored on input line 90.
Package marginnote Info: Margin note 1.7 is on absolute page 2
(marginnote)              on input line 96.
Package marginnote Info: right page because not two side mode on input line 96.

Package marginnote Info: xpos seems to be 100.01144pt,
(marginnote)             \marginnoteleftadjust ignored on input line 96.
[1

]
Overfull \hbox (1.14618pt too wide) in paragraph at lines 98--99
[]\TU/LinLibertine_R.otf(0)/m/n/10.95 Awards: Charles Redd Award for Best Paper
 on Politics of the American West (WPSA
 []

Package marginnote Info: Margin note 2.1 is on absolute page 2
(marginnote)              on input line 101.
Package marginnote Info: right page because not two side mode on input line 101
.
Package marginnote Info: xpos seems to be 100.01144pt,
(marginnote)             \marginnoteleftadjust ignored on input line 101.

Underfull \hbox (badness 10000) in paragraph at lines 101--102

 []

Package marginnote Info: Margin note 2.2 is on absolute page 2
(marginnote)              on input line 103.
Package marginnote Info: right page because not two side mode on input line 103
.
Package marginnote Info: xpos seems to be 100.01144pt,
(marginnote)             \marginnoteleftadjust ignored on input line 103.
Package marginnote Info: Margin note 2.3 is on absolute page 2
(marginnote)              on input line 109.
Package marginnote Info: right page because not two side mode on input line 109
.
Package marginnote Info: xpos seems to be 100.01144pt,
(marginnote)             \marginnoteleftadjust ignored on input line 109.

Underfull \hbox (badness 10000) in paragraph at lines 109--110

 []

Package marginnote Info: Margin note 2.4 is on absolute page 2
(marginnote)              on input line 111.
Package marginnote Info: right page because not two side mode on input line 111
.
Package marginnote Info: xpos seems to be 100.01144pt,
(marginnote)             \marginnoteleftadjust ignored on input line 111.

Underfull \hbox (badness 10000) in paragraph at lines 111--112

 []

Package marginnote Info: Margin note 2.5 is on absolute page 2
(marginnote)              on input line 113.
Package marginnote Info: right page because not two side mode on input line 113
.
Package marginnote Info: xpos seems to be 100.01144pt,
(marginnote)             \marginnoteleftadjust ignored on input line 113.

Underfull \hbox (badness 10000) in paragraph at lines 113--114

 []

Package marginnote Info: Margin note 2.6 is on absolute page 2
(marginnote)              on input line 115.
Package marginnote Info: right page because not two side mode on input line 115
.
Package marginnote Info: xpos seems to be 100.01144pt,
(marginnote)             \marginnoteleftadjust ignored on input line 115.

Underfull \hbox (badness 10000) in paragraph at lines 115--116

 []

Package marginnote Info: Margin note 2.7 is on absolute page 2
(marginnote)              on input line 119.
Package marginnote Info: right page because not two side mode on input line 119
.
Package marginnote Info: xpos seems to be 100.01144pt,
(marginnote)             \marginnoteleftadjust ignored on input line 119.

Underfull \hbox (badness 10000) in paragraph at lines 119--122

 []

Package marginnote Info: Margin note 2.8 is on absolute page 2
(marginnote)              on input line 125.
Package marginnote Info: right page because not two side mode on input line 125
.
Package marginnote Info: xpos seems to be 100.01144pt,
(marginnote)             \marginnoteleftadjust ignored on input line 125.
Package marginnote Info: Margin note 2.9 is on absolute page 2
(marginnote)              on input line 126.
Package marginnote Info: right page because not two side mode on input line 126
.
Package marginnote Info: xpos seems to be 100.01144pt,
(marginnote)             \marginnoteleftadjust ignored on input line 126.
Package marginnote Info: Margin note 2.10 is on absolute page 2
(marginnote)              on input line 127.
Package marginnote Info: right page because not two side mode on input line 127
.
Package marginnote Info: xpos seems to be 100.01144pt,
(marginnote)             \marginnoteleftadjust ignored on input line 127.

Underfull \hbox (badness 10000) in paragraph at lines 125--128

 []

Package marginnote Info: Margin note 2.11 is on absolute page 3
(marginnote)              on input line 131.
Package marginnote Info: right page because not two side mode on input line 131
.
Package marginnote Info: xpos seems to be 100.01144pt,
(marginnote)             \marginnoteleftadjust ignored on input line 131.
[2]
Package marginnote Info: Margin note 3.1 is on absolute page 3
(marginnote)              on input line 132.
Package marginnote Info: right page because not two side mode on input line 132
.
Package marginnote Info: xpos seems to be 100.01144pt,
(marginnote)             \marginnoteleftadjust ignored on input line 132.

Underfull \hbox (badness 10000) in paragraph at lines 131--133

 []

Package marginnote Info: Margin note 3.2 is on absolute page 3
(marginnote)              on input line 141.
Package marginnote Info: right page because not two side mode on input line 141
.
Package marginnote Info: xpos seems to be 100.01144pt,
(marginnote)             \marginnoteleftadjust ignored on input line 141.
Package marginnote Info: Margin note 3.3 is on absolute page 3
(marginnote)              on input line 142.
Package marginnote Info: right page because not two side mode on input line 142
.
Package marginnote Info: xpos seems to be 100.01144pt,
(marginnote)             \marginnoteleftadjust ignored on input line 142.
Package marginnote Info: Margin note 3.4 is on absolute page 3
(marginnote)              on input line 143.
Package marginnote Info: right page because not two side mode on input line 143
.
Package marginnote Info: xpos seems to be 100.01144pt,
(marginnote)             \marginnoteleftadjust ignored on input line 143.
Package marginnote Info: Margin note 3.5 is on absolute page 3
(marginnote)              on input line 144.
Package marginnote Info: right page because not two side mode on input line 144
.
Package marginnote Info: xpos seems to be 100.01144pt,
(marginnote)             \marginnoteleftadjust ignored on input line 144.
Package marginnote Info: Margin note 3.6 is on absolute page 3
(marginnote)              on input line 145.
Package marginnote Info: right page because not two side mode on input line 145
.
Package marginnote Info: xpos seems to be 100.01144pt,
(marginnote)             \marginnoteleftadjust ignored on input line 145.
Package marginnote Info: Margin note 3.7 is on absolute page 3
(marginnote)              on input line 146.
Package marginnote Info: right page because not two side mode on input line 146
.
Package marginnote Info: xpos seems to be 100.01144pt,
(marginnote)             \marginnoteleftadjust ignored on input line 146.
Package marginnote Info: Margin note 3.8 is on absolute page 3
(marginnote)              on input line 147.
Package marginnote Info: right page because not two side mode on input line 147
.
Package marginnote Info: xpos seems to be 100.01144pt,
(marginnote)             \marginnoteleftadjust ignored on input line 147.
Package marginnote Info: Margin note 3.9 is on absolute page 3
(marginnote)              on input line 148.
Package marginnote Info: right page because not two side mode on input line 148
.
Package marginnote Info: xpos seems to be 100.01144pt,
(marginnote)             \marginnoteleftadjust ignored on input line 148.
Package marginnote Info: Margin note 3.10 is on absolute page 3
(marginnote)              on input line 149.
Package marginnote Info: right page because not two side mode on input line 149
.
Package marginnote Info: xpos seems to be 100.01144pt,
(marginnote)             \marginnoteleftadjust ignored on input line 149.
Package marginnote Info: Margin note 3.11 is on absolute page 3
(marginnote)              on input line 150.
Package marginnote Info: right page because not two side mode on input line 150
.
Package marginnote Info: xpos seems to be 100.01144pt,
(marginnote)             \marginnoteleftadjust ignored on input line 150.
Package marginnote Info: Margin note 3.12 is on absolute page 3
(marginnote)              on input line 151.
Package marginnote Info: right page because not two side mode on input line 151
.
Package marginnote Info: xpos seems to be 100.01144pt,
(marginnote)             \marginnoteleftadjust ignored on input line 151.
Package marginnote Info: Margin note 3.13 is on absolute page 3
(marginnote)              on input line 152.
Package marginnote Info: right page because not two side mode on input line 152
.
Package marginnote Info: xpos seems to be 100.01144pt,
(marginnote)             \marginnoteleftadjust ignored on input line 152.
Package marginnote Info: Margin note 3.14 is on absolute page 3
(marginnote)              on input line 153.
Package marginnote Info: right page because not two side mode on input line 153
.
Package marginnote Info: xpos seems to be 100.01144pt,
(marginnote)             \marginnoteleftadjust ignored on input line 153.
Package marginnote Info: Margin note 3.15 is on absolute page 4
(marginnote)              on input line 154.
Package marginnote Info: right page because not two side mode on input line 154
.
Package marginnote Info: xpos seems to be 100.01144pt,
(marginnote)             \marginnoteleftadjust ignored on input line 154.
Package marginnote Info: Margin note 3.16 is on absolute page 4
(marginnote)              on input line 155.
Package marginnote Info: right page because not two side mode on input line 155
.
Package marginnote Info: xpos seems to be 100.01144pt,
(marginnote)             \marginnoteleftadjust ignored on input line 155.
Package marginnote Info: Margin note 3.17 is on absolute page 4
(marginnote)              on input line 156.
Package marginnote Info: right page because not two side mode on input line 156
.
Package marginnote Info: xpos seems to be 100.01144pt,
(marginnote)             \marginnoteleftadjust ignored on input line 156.
Package marginnote Info: Margin note 3.18 is on absolute page 4
(marginnote)              on input line 157.
Package marginnote Info: right page because not two side mode on input line 157
.
Package marginnote Info: xpos seems to be 100.01144pt,
(marginnote)             \marginnoteleftadjust ignored on input line 157.
Package marginnote Info: Margin note 3.19 is on absolute page 4
(marginnote)              on input line 158.
Package marginnote Info: right page because not two side mode on input line 158
.
Package marginnote Info: xpos seems to be 100.01144pt,
(marginnote)             \marginnoteleftadjust ignored on input line 158.
Package marginnote Info: Margin note 3.20 is on absolute page 4
(marginnote)              on input line 159.
Package marginnote Info: right page because not two side mode on input line 159
.
Package marginnote Info: xpos seems to be 100.01144pt,
(marginnote)             \marginnoteleftadjust ignored on input line 159.
Package marginnote Info: Margin note 3.21 is on absolute page 4
(marginnote)              on input line 160.
Package marginnote Info: right page because not two side mode on input line 160
.
Package marginnote Info: xpos seems to be 100.01144pt,
(marginnote)             \marginnoteleftadjust ignored on input line 160.
Package marginnote Info: Margin note 3.22 is on absolute page 4
(marginnote)              on input line 161.
Package marginnote Info: right page because not two side mode on input line 161
.
Package marginnote Info: xpos seems to be 100.01144pt,
(marginnote)             \marginnoteleftadjust ignored on input line 161.
Package marginnote Info: Margin note 3.23 is on absolute page 4
(marginnote)              on input line 162.
Package marginnote Info: right page because not two side mode on input line 162
.
Package marginnote Info: xpos seems to be 100.01144pt,
(marginnote)             \marginnoteleftadjust ignored on input line 162.
Package marginnote Info: Margin note 3.24 is on absolute page 4
(marginnote)              on input line 163.
Package marginnote Info: right page because not two side mode on input line 163
.
Package marginnote Info: xpos seems to be 100.01144pt,
(marginnote)             \marginnoteleftadjust ignored on input line 163.
Package marginnote Info: Margin note 3.25 is on absolute page 4
(marginnote)              on input line 164.
Package marginnote Info: right page because not two side mode on input line 164
.
Package marginnote Info: xpos seems to be 100.01144pt,
(marginnote)             \marginnoteleftadjust ignored on input line 164.
Package marginnote Info: Margin note 3.26 is on absolute page 4
(marginnote)              on input line 165.
Package marginnote Info: right page because not two side mode on input line 165
.
Package marginnote Info: xpos seems to be 100.01144pt,
(marginnote)             \marginnoteleftadjust ignored on input line 165.
Package marginnote Info: Margin note 3.27 is on absolute page 4
(marginnote)              on input line 167.
Package marginnote Info: right page because not two side mode on input line 167
.
Package marginnote Info: xpos seems to be 100.01144pt,
(marginnote)             \marginnoteleftadjust ignored on input line 167.

Underfull \hbox (badness 10000) in paragraph at lines 141--169

 []

[3]
Package marginnote Info: Margin note 4.1 is on absolute page 4
(marginnote)              on input line 171.
Package marginnote Info: right page because not two side mode on input line 171
.
Package marginnote Info: xpos seems to be 100.01144pt,
(marginnote)             \marginnoteleftadjust ignored on input line 171.
Package marginnote Info: Margin note 4.2 is on absolute page 4
(marginnote)              on input line 172.
Package marginnote Info: right page because not two side mode on input line 172
.
Package marginnote Info: xpos seems to be 100.01144pt,
(marginnote)             \marginnoteleftadjust ignored on input line 172.
Package marginnote Info: Margin note 4.3 is on absolute page 4
(marginnote)              on input line 178.
Package marginnote Info: right page because not two side mode on input line 178
.
Package marginnote Info: xpos seems to be 100.01144pt,
(marginnote)             \marginnoteleftadjust ignored on input line 178.
Package marginnote Info: Margin note 4.4 is on absolute page 4
(marginnote)              on input line 179.
Package marginnote Info: right page because not two side mode on input line 179
.
Package marginnote Info: xpos seems to be 100.01144pt,
(marginnote)             \marginnoteleftadjust ignored on input line 179.
Package marginnote Info: Margin note 4.5 is on absolute page 4
(marginnote)              on input line 180.
Package marginnote Info: right page because not two side mode on input line 180
.
Package marginnote Info: xpos seems to be 100.01144pt,
(marginnote)             \marginnoteleftadjust ignored on input line 180.
Package marginnote Info: Margin note 4.6 is on absolute page 4
(marginnote)              on input line 181.
Package marginnote Info: right page because not two side mode on input line 181
.
Package marginnote Info: xpos seems to be 100.01144pt,
(marginnote)             \marginnoteleftadjust ignored on input line 181.
Package marginnote Info: Margin note 4.7 is on absolute page 4
(marginnote)              on input line 182.
Package marginnote Info: right page because not two side mode on input line 182
.
Package marginnote Info: xpos seems to be 100.01144pt,
(marginnote)             \marginnoteleftadjust ignored on input line 182.
Package marginnote Info: Margin note 4.8 is on absolute page 4
(marginnote)              on input line 183.
Package marginnote Info: right page because not two side mode on input line 183
.
Package marginnote Info: xpos seems to be 100.01144pt,
(marginnote)             \marginnoteleftadjust ignored on input line 183.
Package marginnote Info: Margin note 4.9 is on absolute page 4
(marginnote)              on input line 184.
Package marginnote Info: right page because not two side mode on input line 184
.
Package marginnote Info: xpos seems to be 100.01144pt,
(marginnote)             \marginnoteleftadjust ignored on input line 184.
Package marginnote Info: Margin note 4.10 is on absolute page 4
(marginnote)              on input line 185.
Package marginnote Info: right page because not two side mode on input line 185
.
Package marginnote Info: xpos seems to be 100.01144pt,
(marginnote)             \marginnoteleftadjust ignored on input line 185.
Package marginnote Info: Margin note 4.11 is on absolute page 4
(marginnote)              on input line 186.
Package marginnote Info: right page because not two side mode on input line 186
.
Package marginnote Info: xpos seems to be 100.01144pt,
(marginnote)             \marginnoteleftadjust ignored on input line 186.
Package marginnote Info: Margin note 4.12 is on absolute page 4
(marginnote)              on input line 187.
Package marginnote Info: right page because not two side mode on input line 187
.
Package marginnote Info: xpos seems to be 100.01144pt,
(marginnote)             \marginnoteleftadjust ignored on input line 187.
Package marginnote Info: Margin note 4.13 is on absolute page 5
(marginnote)              on input line 188.
Package marginnote Info: right page because not two side mode on input line 188
.
Package marginnote Info: xpos seems to be 100.01144pt,
(marginnote)             \marginnoteleftadjust ignored on input line 188.

Underfull \hbox (badness 10000) in paragraph at lines 171--189

 []

[4]
Package marginnote Info: Margin note 5.1 is on absolute page 5
(marginnote)              on input line 192.
Package marginnote Info: right page because not two side mode on input line 192
.
Package marginnote Info: xpos seems to be 100.01144pt,
(marginnote)             \marginnoteleftadjust ignored on input line 192.
Package marginnote Info: Margin note 5.2 is on absolute page 5
(marginnote)              on input line 193.
Package marginnote Info: right page because not two side mode on input line 193
.
Package marginnote Info: xpos seems to be 100.01144pt,
(marginnote)             \marginnoteleftadjust ignored on input line 193.
Package marginnote Info: Margin note 5.3 is on absolute page 5
(marginnote)              on input line 194.
Package marginnote Info: right page because not two side mode on input line 194
.
Package marginnote Info: xpos seems to be 100.01144pt,
(marginnote)             \marginnoteleftadjust ignored on input line 194.
Package marginnote Info: Margin note 5.4 is on absolute page 5
(marginnote)              on input line 195.
Package marginnote Info: right page because not two side mode on input line 195
.
Package marginnote Info: xpos seems to be 100.01144pt,
(marginnote)             \marginnoteleftadjust ignored on input line 195.
Package marginnote Info: Margin note 5.5 is on absolute page 5
(marginnote)              on input line 196.
Package marginnote Info: right page because not two side mode on input line 196
.
Package marginnote Info: xpos seems to be 100.01144pt,
(marginnote)             \marginnoteleftadjust ignored on input line 196.
Package marginnote Info: Margin note 5.6 is on absolute page 5
(marginnote)              on input line 199.
Package marginnote Info: right page because not two side mode on input line 199
.
Package marginnote Info: xpos seems to be 100.01144pt,
(marginnote)             \marginnoteleftadjust ignored on input line 199.
Package marginnote Info: Margin note 5.7 is on absolute page 5
(marginnote)              on input line 200.
Package marginnote Info: right page because not two side mode on input line 200
.
Package marginnote Info: xpos seems to be 100.01144pt,
(marginnote)             \marginnoteleftadjust ignored on input line 200.
Package marginnote Info: Margin note 5.8 is on absolute page 5
(marginnote)              on input line 201.
Package marginnote Info: right page because not two side mode on input line 201
.
Package marginnote Info: xpos seems to be 100.01144pt,
(marginnote)             \marginnoteleftadjust ignored on input line 201.
Package marginnote Info: Margin note 5.9 is on absolute page 5
(marginnote)              on input line 202.
Package marginnote Info: right page because not two side mode on input line 202
.
Package marginnote Info: xpos seems to be 100.01144pt,
(marginnote)             \marginnoteleftadjust ignored on input line 202.
Package marginnote Info: Margin note 5.10 is on absolute page 5
(marginnote)              on input line 203.
Package marginnote Info: right page because not two side mode on input line 203
.
Package marginnote Info: xpos seems to be 100.01144pt,
(marginnote)             \marginnoteleftadjust ignored on input line 203.
Package marginnote Info: Margin note 5.11 is on absolute page 5
(marginnote)              on input line 204.
Package marginnote Info: right page because not two side mode on input line 204
.
Package marginnote Info: xpos seems to be 100.01144pt,
(marginnote)             \marginnoteleftadjust ignored on input line 204.
Package marginnote Info: Margin note 5.12 is on absolute page 5
(marginnote)              on input line 205.
Package marginnote Info: right page because not two side mode on input line 205
.
Package marginnote Info: xpos seems to be 100.01144pt,
(marginnote)             \marginnoteleftadjust ignored on input line 205.
Package marginnote Info: Margin note 5.13 is on absolute page 5
(marginnote)              on input line 206.
Package marginnote Info: right page because not two side mode on input line 206
.
Package marginnote Info: xpos seems to be 100.01144pt,
(marginnote)             \marginnoteleftadjust ignored on input line 206.
Package marginnote Info: Margin note 5.14 is on absolute page 5
(marginnote)              on input line 207.
Package marginnote Info: right page because not two side mode on input line 207
.
Package marginnote Info: xpos seems to be 100.01144pt,
(marginnote)             \marginnoteleftadjust ignored on input line 207.
Package marginnote Info: Margin note 5.15 is on absolute page 5
(marginnote)              on input line 208.
Package marginnote Info: right page because not two side mode on input line 208
.
Package marginnote Info: xpos seems to be 100.01144pt,
(marginnote)             \marginnoteleftadjust ignored on input line 208.
Package marginnote Info: Margin note 5.16 is on absolute page 5
(marginnote)              on input line 209.
Package marginnote Info: right page because not two side mode on input line 209
.
Package marginnote Info: xpos seems to be 100.01144pt,
(marginnote)             \marginnoteleftadjust ignored on input line 209.

Underfull \hbox (badness 10000) in paragraph at lines 199--210

 []

Package marginnote Info: Margin note 5.17 is on absolute page 5
(marginnote)              on input line 214.
Package marginnote Info: right page because not two side mode on input line 214
.
Package marginnote Info: xpos seems to be 100.01144pt,
(marginnote)             \marginnoteleftadjust ignored on input line 214.
Package marginnote Info: Margin note 5.18 is on absolute page 5
(marginnote)              on input line 215.
Package marginnote Info: right page because not two side mode on input line 215
.
Package marginnote Info: xpos seems to be 100.01144pt,
(marginnote)             \marginnoteleftadjust ignored on input line 215.
Package marginnote Info: Margin note 5.19 is on absolute page 5
(marginnote)              on input line 216.
Package marginnote Info: right page because not two side mode on input line 216
.
Package marginnote Info: xpos seems to be 100.01144pt,
(marginnote)             \marginnoteleftadjust ignored on input line 216.

Underfull \hbox (badness 10000) in paragraph at lines 214--217

 []

Package marginnote Info: Margin note 5.20 is on absolute page 5
(marginnote)              on input line 220.
Package marginnote Info: right page because not two side mode on input line 220
.
Package marginnote Info: xpos seems to be 100.01144pt,
(marginnote)             \marginnoteleftadjust ignored on input line 220.
Package marginnote Info: Margin note 5.21 is on absolute page 5
(marginnote)              on input line 221.
Package marginnote Info: right page because not two side mode on input line 221
.
Package marginnote Info: xpos seems to be 100.01144pt,
(marginnote)             \marginnoteleftadjust ignored on input line 221.

Underfull \hbox (badness 10000) in paragraph at lines 220--222

 []

Package marginnote Info: Margin note 5.22 is on absolute page 6
(marginnote)              on input line 225.
Package marginnote Info: right page because not two side mode on input line 225
.
Package marginnote Info: xpos seems to be 100.01144pt,
(marginnote)             \marginnoteleftadjust ignored on input line 225.
[5]
Package marginnote Info: Margin note 6.1 is on absolute page 6
(marginnote)              on input line 226.
Package marginnote Info: right page because not two side mode on input line 226
.
Package marginnote Info: xpos seems to be 100.01144pt,
(marginnote)             \marginnoteleftadjust ignored on input line 226.
Package marginnote Info: Margin note 6.2 is on absolute page 6
(marginnote)              on input line 227.
Package marginnote Info: right page because not two side mode on input line 227
.
Package marginnote Info: xpos seems to be 100.01144pt,
(marginnote)             \marginnoteleftadjust ignored on input line 227.
Package marginnote Info: Margin note 6.3 is on absolute page 6
(marginnote)              on input line 228.
Package marginnote Info: right page because not two side mode on input line 228
.
Package marginnote Info: xpos seems to be 100.01144pt,
(marginnote)             \marginnoteleftadjust ignored on input line 228.
Package marginnote Info: Margin note 6.4 is on absolute page 6
(marginnote)              on input line 229.
Package marginnote Info: right page because not two side mode on input line 229
.
Package marginnote Info: xpos seems to be 100.01144pt,
(marginnote)             \marginnoteleftadjust ignored on input line 229.

Underfull \hbox (badness 10000) in paragraph at lines 237--243

 []


Underfull \hbox (badness 10000) in paragraph at lines 237--243

 []

Package atveryend Info: Empty hook `BeforeClearDocument' on input line 244.
[6]
Package atveryend Info: Empty hook `AfterLastShipout' on input line 244.
 (./cv-reny.aux)
Package atveryend Info: Empty hook `AtVeryEndDocument' on input line 244.
Package atveryend Info: Empty hook `AtEndAfterFileList' on input line 244.
Package atveryend Info: Empty hook `AtVeryVeryEnd' on input line 244.
 ) 
Here is how much of TeX's memory you used:
 21314 strings out of 493005
 388073 string characters out of 6134596
 462723 words of memory out of 5000000
 25166 multiletter control sequences out of 15000+600000
 7534 words of font info for 47 fonts, out of 8000000 for 9000
 1348 hyphenation exceptions out of 8191
 43i,9n,84p,10347b,323s stack positions out of 5000i,500n,10000p,200000b,80000s

Output written on cv-reny.xdv (6 pages, 124592 bytes).
